{"D:\\GithubProjetos\\ES-2024-EI-Grupo-G\\src\\CsvReader.js": {"path":"D:\\GithubProjetos\\ES-2024-EI-Grupo-G\\src\\CsvReader.js","statementMap":{"0":{"start":{"line":25,"column":20},"end":{"line":25,"column":82}},"1":{"start":{"line":33,"column":29},"end":{"line":54,"column":5}},"2":{"start":{"line":34,"column":30},"end":{"line":52,"column":10}},"3":{"start":{"line":35,"column":12},"end":{"line":50,"column":13}},"4":{"start":{"line":36,"column":39},"end":{"line":36,"column":75}},"5":{"start":{"line":37,"column":16},"end":{"line":37,"column":83}},"6":{"start":{"line":38,"column":19},"end":{"line":50,"column":13}},"7":{"start":{"line":39,"column":36},"end":{"line":39,"column":71}},"8":{"start":{"line":40,"column":35},"end":{"line":40,"column":69}},"9":{"start":{"line":41,"column":45},"end":{"line":41,"column":81}},"10":{"start":{"line":43,"column":16},"end":{"line":49,"column":17}},"11":{"start":{"line":51,"column":12},"end":{"line":51,"column":41}},"12":{"start":{"line":53,"column":8},"end":{"line":53,"column":30}},"13":{"start":{"line":56,"column":4},"end":{"line":73,"column":5}}},"fnMap":{"0":{"name":"CsvReader","decl":{"start":{"line":24,"column":24},"end":{"line":24,"column":33}},"loc":{"start":{"line":24,"column":42},"end":{"line":74,"column":1}},"line":24},"1":{"name":"(anonymous_1)","decl":{"start":{"line":33,"column":29},"end":{"line":33,"column":30}},"loc":{"start":{"line":33,"column":49},"end":{"line":54,"column":5}},"line":33},"2":{"name":"(anonymous_2)","decl":{"start":{"line":34,"column":39},"end":{"line":34,"column":40}},"loc":{"start":{"line":34,"column":56},"end":{"line":52,"column":9}},"line":34}},"branchMap":{"0":{"loc":{"start":{"line":25,"column":31},"end":{"line":25,"column":81}},"type":"cond-expr","locations":[{"start":{"line":25,"column":57},"end":{"line":25,"column":69}},{"start":{"line":25,"column":72},"end":{"line":25,"column":81}}],"line":25},"1":{"loc":{"start":{"line":35,"column":12},"end":{"line":50,"column":13}},"type":"if","locations":[{"start":{"line":35,"column":12},"end":{"line":50,"column":13}},{"start":{"line":38,"column":19},"end":{"line":50,"column":13}}],"line":35},"2":{"loc":{"start":{"line":38,"column":19},"end":{"line":50,"column":13}},"type":"if","locations":[{"start":{"line":38,"column":19},"end":{"line":50,"column":13}},{"start":{},"end":{}}],"line":38}},"s":{"0":5,"1":5,"2":0,"3":0,"4":0,"5":0,"6":0,"7":0,"8":0,"9":0,"10":0,"11":0,"12":0,"13":5},"f":{"0":5,"1":0,"2":0},"b":{"0":[0,5],"1":[0,0],"2":[0,0]},"_coverageSchema":"1a1c01bbd47fc00a2c39e90264f33305004495a9","hash":"82058df074c63efc42f119f66fe7fa4ac8493106"}
,"D:\\GithubProjetos\\ES-2024-EI-Grupo-G\\src\\MultipleSelectCheckmarks.js": {"path":"D:\\GithubProjetos\\ES-2024-EI-Grupo-G\\src\\MultipleSelectCheckmarks.js","statementMap":{"0":{"start":{"line":22,"column":20},"end":{"line":22,"column":22}},"1":{"start":{"line":24,"column":25},"end":{"line":24,"column":26}},"2":{"start":{"line":26,"column":18},"end":{"line":33,"column":1}},"3":{"start":{"line":36,"column":16},"end":{"line":50,"column":1}},"4":{"start":{"line":61,"column":50},"end":{"line":61,"column":67}},"5":{"start":{"line":63,"column":25},"end":{"line":80,"column":5}},"6":{"start":{"line":66,"column":12},"end":{"line":66,"column":17}},"7":{"start":{"line":67,"column":8},"end":{"line":78,"column":10}},"8":{"start":{"line":68,"column":12},"end":{"line":77,"column":13}},"9":{"start":{"line":76,"column":16},"end":{"line":76,"column":57}},"10":{"start":{"line":79,"column":8},"end":{"line":79,"column":33}},"11":{"start":{"line":82,"column":4},"end":{"line":106,"column":5}},"12":{"start":{"line":93,"column":47},"end":{"line":93,"column":66}},"13":{"start":{"line":98,"column":24},"end":{"line":101,"column":35}}},"fnMap":{"0":{"name":"MultipleSelectCheckmarks","decl":{"start":{"line":60,"column":24},"end":{"line":60,"column":48}},"loc":{"start":{"line":60,"column":73},"end":{"line":107,"column":1}},"line":60},"1":{"name":"(anonymous_1)","decl":{"start":{"line":63,"column":25},"end":{"line":63,"column":26}},"loc":{"start":{"line":63,"column":36},"end":{"line":80,"column":5}},"line":63},"2":{"name":"(anonymous_2)","decl":{"start":{"line":67,"column":24},"end":{"line":67,"column":25}},"loc":{"start":{"line":67,"column":33},"end":{"line":78,"column":9}},"line":67},"3":{"name":"(anonymous_3)","decl":{"start":{"line":93,"column":33},"end":{"line":93,"column":34}},"loc":{"start":{"line":93,"column":47},"end":{"line":93,"column":66}},"line":93},"4":{"name":"(anonymous_4)","decl":{"start":{"line":97,"column":33},"end":{"line":97,"column":34}},"loc":{"start":{"line":98,"column":24},"end":{"line":101,"column":35}},"line":98}},"branchMap":{"0":{"loc":{"start":{"line":68,"column":12},"end":{"line":77,"column":13}},"type":"if","locations":[{"start":{"line":68,"column":12},"end":{"line":77,"column":13}},{"start":{},"end":{}}],"line":68},"1":{"loc":{"start":{"line":71,"column":16},"end":{"line":74,"column":71}},"type":"binary-expr","locations":[{"start":{"line":71,"column":17},"end":{"line":71,"column":36}},{"start":{"line":71,"column":40},"end":{"line":71,"column":70}},{"start":{"line":74,"column":17},"end":{"line":74,"column":37}},{"start":{"line":74,"column":41},"end":{"line":74,"column":70}}],"line":71}},"s":{"0":1,"1":1,"2":1,"3":1,"4":1,"5":1,"6":0,"7":0,"8":0,"9":0,"10":0,"11":1,"12":2,"13":13},"f":{"0":1,"1":0,"2":0,"3":2,"4":13},"b":{"0":[0,0],"1":[0,0,0,0]},"_coverageSchema":"1a1c01bbd47fc00a2c39e90264f33305004495a9","hash":"8add2ed7caa8dbdf710da7e0e41effcb45b10a2e"}
,"D:\\GithubProjetos\\ES-2024-EI-Grupo-G\\src\\RemoteFile.js": {"path":"D:\\GithubProjetos\\ES-2024-EI-Grupo-G\\src\\RemoteFile.js","statementMap":{"0":{"start":{"line":26,"column":20},"end":{"line":26,"column":80}},"1":{"start":{"line":31,"column":36},"end":{"line":31,"column":48}},"2":{"start":{"line":37,"column":29},"end":{"line":39,"column":5}},"3":{"start":{"line":38,"column":8},"end":{"line":38,"column":39}},"4":{"start":{"line":45,"column":29},"end":{"line":76,"column":5}},"5":{"start":{"line":46,"column":8},"end":{"line":75,"column":9}},"6":{"start":{"line":47,"column":29},"end":{"line":47,"column":50}},"7":{"start":{"line":48,"column":12},"end":{"line":50,"column":13}},"8":{"start":{"line":49,"column":16},"end":{"line":49,"column":54}},"9":{"start":{"line":51,"column":28},"end":{"line":51,"column":49}},"10":{"start":{"line":52,"column":29},"end":{"line":52,"column":66}},"11":{"start":{"line":53,"column":34},"end":{"line":71,"column":14}},"12":{"start":{"line":54,"column":16},"end":{"line":69,"column":17}},"13":{"start":{"line":55,"column":43},"end":{"line":55,"column":79}},"14":{"start":{"line":56,"column":20},"end":{"line":56,"column":87}},"15":{"start":{"line":57,"column":23},"end":{"line":69,"column":17}},"16":{"start":{"line":58,"column":40},"end":{"line":58,"column":75}},"17":{"start":{"line":59,"column":39},"end":{"line":59,"column":73}},"18":{"start":{"line":60,"column":49},"end":{"line":60,"column":85}},"19":{"start":{"line":62,"column":20},"end":{"line":68,"column":21}},"20":{"start":{"line":70,"column":16},"end":{"line":70,"column":45}},"21":{"start":{"line":72,"column":12},"end":{"line":72,"column":34}},"22":{"start":{"line":74,"column":12},"end":{"line":74,"column":55}},"23":{"start":{"line":78,"column":4},"end":{"line":85,"column":5}}},"fnMap":{"0":{"name":"RemoteFile","decl":{"start":{"line":25,"column":24},"end":{"line":25,"column":34}},"loc":{"start":{"line":25,"column":43},"end":{"line":86,"column":1}},"line":25},"1":{"name":"(anonymous_1)","decl":{"start":{"line":37,"column":29},"end":{"line":37,"column":30}},"loc":{"start":{"line":37,"column":40},"end":{"line":39,"column":5}},"line":37},"2":{"name":"(anonymous_2)","decl":{"start":{"line":45,"column":29},"end":{"line":45,"column":30}},"loc":{"start":{"line":45,"column":41},"end":{"line":76,"column":5}},"line":45},"3":{"name":"(anonymous_3)","decl":{"start":{"line":53,"column":43},"end":{"line":53,"column":44}},"loc":{"start":{"line":53,"column":60},"end":{"line":71,"column":13}},"line":53}},"branchMap":{"0":{"loc":{"start":{"line":26,"column":31},"end":{"line":26,"column":79}},"type":"cond-expr","locations":[{"start":{"line":26,"column":55},"end":{"line":26,"column":67}},{"start":{"line":26,"column":70},"end":{"line":26,"column":79}}],"line":26},"1":{"loc":{"start":{"line":48,"column":12},"end":{"line":50,"column":13}},"type":"if","locations":[{"start":{"line":48,"column":12},"end":{"line":50,"column":13}},{"start":{},"end":{}}],"line":48},"2":{"loc":{"start":{"line":54,"column":16},"end":{"line":69,"column":17}},"type":"if","locations":[{"start":{"line":54,"column":16},"end":{"line":69,"column":17}},{"start":{"line":57,"column":23},"end":{"line":69,"column":17}}],"line":54},"3":{"loc":{"start":{"line":57,"column":23},"end":{"line":69,"column":17}},"type":"if","locations":[{"start":{"line":57,"column":23},"end":{"line":69,"column":17}},{"start":{},"end":{}}],"line":57}},"s":{"0":11,"1":11,"2":11,"3":5,"4":11,"5":3,"6":3,"7":3,"8":2,"9":1,"10":1,"11":0,"12":0,"13":0,"14":0,"15":0,"16":0,"17":0,"18":0,"19":0,"20":0,"21":0,"22":3,"23":11},"f":{"0":11,"1":5,"2":3,"3":0},"b":{"0":[0,11],"1":[2,1],"2":[0,0],"3":[0,0]},"_coverageSchema":"1a1c01bbd47fc00a2c39e90264f33305004495a9","hash":"d15b2ebc6d7f96e3ff0e3c14148539fd5c1bdd17"}
,"D:\\GithubProjetos\\ES-2024-EI-Grupo-G\\src\\constants.js": {"path":"D:\\GithubProjetos\\ES-2024-EI-Grupo-G\\src\\constants.js","statementMap":{"0":{"start":{"line":9,"column":34},"end":{"line":37,"column":1}},"1":{"start":{"line":42,"column":32},"end":{"line":70,"column":1}},"2":{"start":{"line":75,"column":24},"end":{"line":75,"column":83}},"3":{"start":{"line":80,"column":27},"end":{"line":80,"column":54}},"4":{"start":{"line":85,"column":21},"end":{"line":217,"column":1}},"5":{"start":{"line":222,"column":29},"end":{"line":253,"column":1}},"6":{"start":{"line":258,"column":38},"end":{"line":258,"column":97}},"7":{"start":{"line":263,"column":29},"end":{"line":273,"column":1}},"8":{"start":{"line":278,"column":31},"end":{"line":289,"column":1}},"9":{"start":{"line":294,"column":27},"end":{"line":305,"column":1}},"10":{"start":{"line":307,"column":31},"end":{"line":317,"column":1}}},"fnMap":{},"branchMap":{},"s":{"0":2,"1":2,"2":2,"3":2,"4":2,"5":2,"6":2,"7":2,"8":2,"9":2,"10":2},"f":{},"b":{},"_coverageSchema":"1a1c01bbd47fc00a2c39e90264f33305004495a9","hash":"40a8304764f4f28fd6b343fe87962fb7795b92b5"}
,"D:\\GithubProjetos\\ES-2024-EI-Grupo-G\\src\\utils.js": {"path":"D:\\GithubProjetos\\ES-2024-EI-Grupo-G\\src\\utils.js","statementMap":{"0":{"start":{"line":19,"column":4},"end":{"line":23,"column":6}},"1":{"start":{"line":20,"column":21},"end":{"line":20,"column":53}},"2":{"start":{"line":21,"column":27},"end":{"line":21,"column":43}},"3":{"start":{"line":22,"column":8},"end":{"line":22,"column":81}},"4":{"start":{"line":35,"column":29},"end":{"line":35,"column":30}},"5":{"start":{"line":36,"column":21},"end":{"line":36,"column":22}},"6":{"start":{"line":38,"column":4},"end":{"line":49,"column":10}},"7":{"start":{"line":39,"column":24},"end":{"line":39,"column":70}},"8":{"start":{"line":41,"column":12},"end":{"line":43,"column":13}},"9":{"start":{"line":42,"column":16},"end":{"line":42,"column":51}},"10":{"start":{"line":44,"column":12},"end":{"line":47,"column":13}},"11":{"start":{"line":45,"column":16},"end":{"line":45,"column":51}},"12":{"start":{"line":46,"column":16},"end":{"line":46,"column":36}},"13":{"start":{"line":48,"column":12},"end":{"line":48,"column":104}},"14":{"start":{"line":61,"column":4},"end":{"line":68,"column":5}},"15":{"start":{"line":63,"column":22},"end":{"line":63,"column":43}},"16":{"start":{"line":64,"column":20},"end":{"line":64,"column":42}},"17":{"start":{"line":65,"column":22},"end":{"line":65,"column":44}},"18":{"start":{"line":66,"column":21},"end":{"line":66,"column":43}},"19":{"start":{"line":67,"column":8},"end":{"line":67,"column":45}},"20":{"start":{"line":80,"column":4},"end":{"line":88,"column":5}},"21":{"start":{"line":81,"column":22},"end":{"line":81,"column":43}},"22":{"start":{"line":82,"column":21},"end":{"line":82,"column":43}},"23":{"start":{"line":83,"column":23},"end":{"line":83,"column":45}},"24":{"start":{"line":84,"column":23},"end":{"line":84,"column":60}},"25":{"start":{"line":85,"column":21},"end":{"line":85,"column":42}},"26":{"start":{"line":86,"column":8},"end":{"line":86,"column":43}},"27":{"start":{"line":87,"column":8},"end":{"line":87,"column":29}},"28":{"start":{"line":89,"column":4},"end":{"line":89,"column":15}},"29":{"start":{"line":102,"column":4},"end":{"line":107,"column":5}},"30":{"start":{"line":103,"column":26},"end":{"line":103,"column":42}},"31":{"start":{"line":104,"column":24},"end":{"line":104,"column":38}},"32":{"start":{"line":105,"column":25},"end":{"line":105,"column":44}},"33":{"start":{"line":106,"column":8},"end":{"line":106,"column":23}},"34":{"start":{"line":108,"column":4},"end":{"line":108,"column":12}},"35":{"start":{"line":122,"column":4},"end":{"line":122,"column":20}},"36":{"start":{"line":122,"column":12},"end":{"line":122,"column":20}},"37":{"start":{"line":123,"column":4},"end":{"line":123,"column":21}},"38":{"start":{"line":123,"column":12},"end":{"line":123,"column":21}},"39":{"start":{"line":124,"column":18},"end":{"line":124,"column":30}},"40":{"start":{"line":125,"column":18},"end":{"line":125,"column":30}},"41":{"start":{"line":126,"column":4},"end":{"line":126,"column":44}},"42":{"start":{"line":139,"column":21},"end":{"line":139,"column":70}},"43":{"start":{"line":140,"column":4},"end":{"line":140,"column":52}},"44":{"start":{"line":155,"column":21},"end":{"line":163,"column":5}},"45":{"start":{"line":157,"column":12},"end":{"line":162,"column":13}},"46":{"start":{"line":164,"column":4},"end":{"line":164,"column":30}},"47":{"start":{"line":176,"column":4},"end":{"line":187,"column":5}},"48":{"start":{"line":177,"column":27},"end":{"line":177,"column":52}},"49":{"start":{"line":178,"column":27},"end":{"line":178,"column":42}},"50":{"start":{"line":179,"column":33},"end":{"line":185,"column":9}},"51":{"start":{"line":186,"column":8},"end":{"line":186,"column":50}},"52":{"start":{"line":188,"column":4},"end":{"line":188,"column":13}},"53":{"start":{"line":199,"column":4},"end":{"line":199,"column":38}},"54":{"start":{"line":210,"column":16},"end":{"line":210,"column":51}},"55":{"start":{"line":211,"column":4},"end":{"line":211,"column":29}},"56":{"start":{"line":222,"column":18},"end":{"line":222,"column":41}},"57":{"start":{"line":223,"column":4},"end":{"line":223,"column":32}},"58":{"start":{"line":223,"column":21},"end":{"line":223,"column":32}},"59":{"start":{"line":224,"column":4},"end":{"line":224,"column":30}},"60":{"start":{"line":236,"column":4},"end":{"line":236,"column":56}},"61":{"start":{"line":239,"column":27},"end":{"line":246,"column":1}},"62":{"start":{"line":240,"column":19},"end":{"line":240,"column":37}},"63":{"start":{"line":241,"column":15},"end":{"line":241,"column":18}},"64":{"start":{"line":242,"column":4},"end":{"line":244,"column":5}},"65":{"start":{"line":242,"column":17},"end":{"line":242,"column":18}},"66":{"start":{"line":243,"column":8},"end":{"line":243,"column":61}},"67":{"start":{"line":245,"column":4},"end":{"line":245,"column":15}}},"fnMap":{"0":{"name":"addWeekNumber","decl":{"start":{"line":18,"column":16},"end":{"line":18,"column":29}},"loc":{"start":{"line":18,"column":43},"end":{"line":24,"column":1}},"line":18},"1":{"name":"(anonymous_1)","decl":{"start":{"line":19,"column":27},"end":{"line":19,"column":28}},"loc":{"start":{"line":19,"column":38},"end":{"line":23,"column":5}},"line":19},"2":{"name":"addSemesterWeekNumber","decl":{"start":{"line":34,"column":16},"end":{"line":34,"column":37}},"loc":{"start":{"line":34,"column":51},"end":{"line":50,"column":1}},"line":34},"3":{"name":"(anonymous_3)","decl":{"start":{"line":39,"column":14},"end":{"line":39,"column":15}},"loc":{"start":{"line":39,"column":24},"end":{"line":39,"column":70}},"line":39},"4":{"name":"(anonymous_4)","decl":{"start":{"line":40,"column":13},"end":{"line":40,"column":14}},"loc":{"start":{"line":40,"column":24},"end":{"line":49,"column":9}},"line":40},"5":{"name":"parseDate","decl":{"start":{"line":60,"column":16},"end":{"line":60,"column":25}},"loc":{"start":{"line":60,"column":38},"end":{"line":69,"column":1}},"line":60},"6":{"name":"parseHour","decl":{"start":{"line":79,"column":16},"end":{"line":79,"column":25}},"loc":{"start":{"line":79,"column":38},"end":{"line":90,"column":1}},"line":79},"7":{"name":"getCourseDurationToMilliseconds","decl":{"start":{"line":101,"column":16},"end":{"line":101,"column":47}},"loc":{"start":{"line":101,"column":60},"end":{"line":109,"column":1}},"line":101},"8":{"name":"sortDate","decl":{"start":{"line":120,"column":16},"end":{"line":120,"column":24}},"loc":{"start":{"line":120,"column":31},"end":{"line":127,"column":1}},"line":120},"9":{"name":"sortWeekDays","decl":{"start":{"line":138,"column":16},"end":{"line":138,"column":28}},"loc":{"start":{"line":138,"column":35},"end":{"line":141,"column":1}},"line":138},"10":{"name":"validateRoomAvailability","decl":{"start":{"line":154,"column":16},"end":{"line":154,"column":40}},"loc":{"start":{"line":154,"column":68},"end":{"line":165,"column":1}},"line":154},"11":{"name":"(anonymous_11)","decl":{"start":{"line":156,"column":8},"end":{"line":156,"column":9}},"loc":{"start":{"line":157,"column":12},"end":{"line":162,"column":13}},"line":157},"12":{"name":"getFormattedDateTime","decl":{"start":{"line":175,"column":16},"end":{"line":175,"column":36}},"loc":{"start":{"line":175,"column":60},"end":{"line":189,"column":1}},"line":175},"13":{"name":"getWeek","decl":{"start":{"line":198,"column":16},"end":{"line":198,"column":23}},"loc":{"start":{"line":198,"column":30},"end":{"line":200,"column":1}},"line":198},"14":{"name":"getSemesterWeek","decl":{"start":{"line":209,"column":16},"end":{"line":209,"column":31}},"loc":{"start":{"line":209,"column":64},"end":{"line":212,"column":1}},"line":209},"15":{"name":"getDayOfTheWeek","decl":{"start":{"line":221,"column":16},"end":{"line":221,"column":31}},"loc":{"start":{"line":221,"column":38},"end":{"line":225,"column":1}},"line":221},"16":{"name":"isSameDate","decl":{"start":{"line":235,"column":16},"end":{"line":235,"column":26}},"loc":{"start":{"line":235,"column":41},"end":{"line":237,"column":1}},"line":235},"17":{"name":"(anonymous_17)","decl":{"start":{"line":239,"column":27},"end":{"line":239,"column":28}},"loc":{"start":{"line":239,"column":33},"end":{"line":246,"column":1}},"line":239}},"branchMap":{"0":{"loc":{"start":{"line":22,"column":44},"end":{"line":22,"column":79}},"type":"cond-expr","locations":[{"start":{"line":22,"column":64},"end":{"line":22,"column":66}},{"start":{"line":22,"column":69},"end":{"line":22,"column":79}}],"line":22},"1":{"loc":{"start":{"line":41,"column":12},"end":{"line":43,"column":13}},"type":"if","locations":[{"start":{"line":41,"column":12},"end":{"line":43,"column":13}},{"start":{},"end":{}}],"line":41},"2":{"loc":{"start":{"line":44,"column":12},"end":{"line":47,"column":13}},"type":"if","locations":[{"start":{"line":44,"column":12},"end":{"line":47,"column":13}},{"start":{},"end":{}}],"line":44},"3":{"loc":{"start":{"line":48,"column":53},"end":{"line":48,"column":102}},"type":"cond-expr","locations":[{"start":{"line":48,"column":79},"end":{"line":48,"column":81}},{"start":{"line":48,"column":84},"end":{"line":48,"column":102}}],"line":48},"4":{"loc":{"start":{"line":61,"column":4},"end":{"line":68,"column":5}},"type":"if","locations":[{"start":{"line":61,"column":4},"end":{"line":68,"column":5}},{"start":{},"end":{}}],"line":61},"5":{"loc":{"start":{"line":80,"column":4},"end":{"line":88,"column":5}},"type":"if","locations":[{"start":{"line":80,"column":4},"end":{"line":88,"column":5}},{"start":{},"end":{}}],"line":80},"6":{"loc":{"start":{"line":84,"column":23},"end":{"line":84,"column":60}},"type":"cond-expr","locations":[{"start":{"line":84,"column":34},"end":{"line":84,"column":56}},{"start":{"line":84,"column":59},"end":{"line":84,"column":60}}],"line":84},"7":{"loc":{"start":{"line":102,"column":4},"end":{"line":107,"column":5}},"type":"if","locations":[{"start":{"line":102,"column":4},"end":{"line":107,"column":5}},{"start":{},"end":{}}],"line":102},"8":{"loc":{"start":{"line":102,"column":8},"end":{"line":102,"column":20}},"type":"binary-expr","locations":[{"start":{"line":102,"column":8},"end":{"line":102,"column":13}},{"start":{"line":102,"column":17},"end":{"line":102,"column":20}}],"line":102},"9":{"loc":{"start":{"line":122,"column":4},"end":{"line":122,"column":20}},"type":"if","locations":[{"start":{"line":122,"column":4},"end":{"line":122,"column":20}},{"start":{},"end":{}}],"line":122},"10":{"loc":{"start":{"line":123,"column":4},"end":{"line":123,"column":21}},"type":"if","locations":[{"start":{"line":123,"column":4},"end":{"line":123,"column":21}},{"start":{},"end":{}}],"line":123},"11":{"loc":{"start":{"line":157,"column":12},"end":{"line":162,"column":13}},"type":"binary-expr","locations":[{"start":{"line":157,"column":12},"end":{"line":157,"column":53}},{"start":{"line":158,"column":12},"end":{"line":158,"column":55}},{"start":{"line":159,"column":12},"end":{"line":162,"column":13}}],"line":157},"12":{"loc":{"start":{"line":160,"column":16},"end":{"line":161,"column":73}},"type":"binary-expr","locations":[{"start":{"line":160,"column":16},"end":{"line":160,"column":76}},{"start":{"line":161,"column":16},"end":{"line":161,"column":73}}],"line":160},"13":{"loc":{"start":{"line":176,"column":4},"end":{"line":187,"column":5}},"type":"if","locations":[{"start":{"line":176,"column":4},"end":{"line":187,"column":5}},{"start":{},"end":{}}],"line":176},"14":{"loc":{"start":{"line":176,"column":8},"end":{"line":176,"column":20}},"type":"binary-expr","locations":[{"start":{"line":176,"column":8},"end":{"line":176,"column":12}},{"start":{"line":176,"column":16},"end":{"line":176,"column":20}}],"line":176},"15":{"loc":{"start":{"line":223,"column":4},"end":{"line":223,"column":32}},"type":"if","locations":[{"start":{"line":223,"column":4},"end":{"line":223,"column":32}},{"start":{},"end":{}}],"line":223}},"s":{"0":2,"1":5,"2":5,"3":5,"4":2,"5":2,"6":2,"7":5,"8":6,"9":1,"10":6,"11":3,"12":3,"13":6,"14":68,"15":66,"16":66,"17":66,"18":66,"19":66,"20":784,"21":783,"22":783,"23":783,"24":783,"25":783,"26":783,"27":783,"28":1,"29":0,"30":0,"31":0,"32":0,"33":0,"34":0,"35":22,"36":2,"37":20,"38":1,"39":19,"40":19,"41":19,"42":34,"43":34,"44":1,"45":3,"46":1,"47":20,"48":20,"49":20,"50":20,"51":20,"52":0,"53":0,"54":0,"55":0,"56":0,"57":0,"58":0,"59":0,"60":0,"61":2,"62":0,"63":0,"64":0,"65":0,"66":0,"67":0},"f":{"0":2,"1":5,"2":2,"3":5,"4":6,"5":68,"6":784,"7":0,"8":22,"9":34,"10":1,"11":3,"12":20,"13":0,"14":0,"15":0,"16":0,"17":0},"b":{"0":[1,4],"1":[1,5],"2":[3,3],"3":[1,5],"4":[66,2],"5":[783,1],"6":[775,8],"7":[0,0],"8":[0,0],"9":[2,20],"10":[1,19],"11":[3,2,0],"12":[0,0],"13":[20,0],"14":[20,20],"15":[0,0]},"_coverageSchema":"1a1c01bbd47fc00a2c39e90264f33305004495a9","hash":"a45d51d7cbf811f37011ef2018f70213ba1b75e5"}
,"D:\\GithubProjetos\\ES-2024-EI-Grupo-G\\src\\lib\\replaceCourse.js": {"path":"D:\\GithubProjetos\\ES-2024-EI-Grupo-G\\src\\lib\\replaceCourse.js","statementMap":{"0":{"start":{"line":43,"column":4},"end":{"line":43,"column":70}},"1":{"start":{"line":57,"column":4},"end":{"line":57,"column":92}},"2":{"start":{"line":57,"column":80},"end":{"line":57,"column":92}},"3":{"start":{"line":58,"column":4},"end":{"line":58,"column":80}},"4":{"start":{"line":70,"column":4},"end":{"line":70,"column":86}},"5":{"start":{"line":70,"column":74},"end":{"line":70,"column":86}},"6":{"start":{"line":71,"column":4},"end":{"line":71,"column":74}},"7":{"start":{"line":83,"column":4},"end":{"line":90,"column":5}},"8":{"start":{"line":89,"column":8},"end":{"line":89,"column":20}},"9":{"start":{"line":91,"column":26},"end":{"line":91,"column":64}},"10":{"start":{"line":92,"column":24},"end":{"line":92,"column":59}},"11":{"start":{"line":93,"column":33},"end":{"line":93,"column":81}},"12":{"start":{"line":94,"column":31},"end":{"line":94,"column":76}},"13":{"start":{"line":95,"column":4},"end":{"line":99,"column":5}},"14":{"start":{"line":111,"column":4},"end":{"line":111,"column":74}},"15":{"start":{"line":111,"column":62},"end":{"line":111,"column":74}},"16":{"start":{"line":112,"column":22},"end":{"line":112,"column":71}},"17":{"start":{"line":113,"column":22},"end":{"line":113,"column":51}},"18":{"start":{"line":114,"column":4},"end":{"line":114,"column":37}},"19":{"start":{"line":114,"column":25},"end":{"line":114,"column":37}},"20":{"start":{"line":115,"column":4},"end":{"line":115,"column":34}},"21":{"start":{"line":127,"column":4},"end":{"line":127,"column":75}},"22":{"start":{"line":127,"column":63},"end":{"line":127,"column":75}},"23":{"start":{"line":128,"column":4},"end":{"line":136,"column":5}},"24":{"start":{"line":129,"column":8},"end":{"line":129,"column":66}},"25":{"start":{"line":130,"column":11},"end":{"line":136,"column":5}},"26":{"start":{"line":131,"column":8},"end":{"line":131,"column":68}},"27":{"start":{"line":132,"column":11},"end":{"line":136,"column":5}},"28":{"start":{"line":133,"column":8},"end":{"line":133,"column":64}},"29":{"start":{"line":135,"column":8},"end":{"line":135,"column":20}},"30":{"start":{"line":147,"column":20},"end":{"line":147,"column":22}},"31":{"start":{"line":148,"column":4},"end":{"line":150,"column":5}},"32":{"start":{"line":149,"column":8},"end":{"line":149,"column":40}},"33":{"start":{"line":151,"column":4},"end":{"line":153,"column":5}},"34":{"start":{"line":152,"column":8},"end":{"line":152,"column":38}},"35":{"start":{"line":154,"column":4},"end":{"line":156,"column":5}},"36":{"start":{"line":155,"column":8},"end":{"line":155,"column":36}},"37":{"start":{"line":157,"column":4},"end":{"line":159,"column":5}},"38":{"start":{"line":158,"column":8},"end":{"line":158,"column":35}},"39":{"start":{"line":160,"column":4},"end":{"line":162,"column":5}},"40":{"start":{"line":161,"column":8},"end":{"line":161,"column":33}},"41":{"start":{"line":163,"column":4},"end":{"line":165,"column":5}},"42":{"start":{"line":164,"column":8},"end":{"line":164,"column":29}},"43":{"start":{"line":166,"column":4},"end":{"line":166,"column":18}},"44":{"start":{"line":179,"column":25},"end":{"line":179,"column":27}},"45":{"start":{"line":182,"column":27},"end":{"line":182,"column":55}},"46":{"start":{"line":183,"column":25},"end":{"line":183,"column":51}},"47":{"start":{"line":185,"column":27},"end":{"line":185,"column":67}},"48":{"start":{"line":188,"column":22},"end":{"line":188,"column":48}},"49":{"start":{"line":189,"column":20},"end":{"line":189,"column":46}},"50":{"start":{"line":191,"column":4},"end":{"line":193,"column":5}},"51":{"start":{"line":192,"column":8},"end":{"line":192,"column":17}},"52":{"start":{"line":194,"column":17},"end":{"line":194,"column":61}},"53":{"start":{"line":195,"column":22},"end":{"line":195,"column":81}},"54":{"start":{"line":197,"column":4},"end":{"line":217,"column":5}},"55":{"start":{"line":197,"column":17},"end":{"line":197,"column":18}},"56":{"start":{"line":198,"column":8},"end":{"line":216,"column":9}},"57":{"start":{"line":198,"column":21},"end":{"line":198,"column":22}},"58":{"start":{"line":199,"column":12},"end":{"line":215,"column":13}},"59":{"start":{"line":199,"column":25},"end":{"line":199,"column":26}},"60":{"start":{"line":200,"column":16},"end":{"line":214,"column":17}},"61":{"start":{"line":200,"column":29},"end":{"line":200,"column":30}},"62":{"start":{"line":202,"column":20},"end":{"line":213,"column":21}},"63":{"start":{"line":203,"column":41},"end":{"line":203,"column":88}},"64":{"start":{"line":204,"column":24},"end":{"line":212,"column":25}},"65":{"start":{"line":206,"column":28},"end":{"line":211,"column":30}},"66":{"start":{"line":218,"column":4},"end":{"line":218,"column":23}},"67":{"start":{"line":230,"column":22},"end":{"line":230,"column":38}},"68":{"start":{"line":231,"column":20},"end":{"line":231,"column":34}},"69":{"start":{"line":232,"column":4},"end":{"line":232,"column":30}},"70":{"start":{"line":245,"column":4},"end":{"line":247,"column":5}},"71":{"start":{"line":246,"column":8},"end":{"line":246,"column":95}},"72":{"start":{"line":246,"column":66},"end":{"line":246,"column":94}},"73":{"start":{"line":263,"column":4},"end":{"line":269,"column":5}},"74":{"start":{"line":264,"column":8},"end":{"line":264,"column":35}},"75":{"start":{"line":265,"column":11},"end":{"line":269,"column":5}},"76":{"start":{"line":266,"column":8},"end":{"line":266,"column":98}},"77":{"start":{"line":266,"column":80},"end":{"line":266,"column":97}},"78":{"start":{"line":268,"column":8},"end":{"line":268,"column":20}},"79":{"start":{"line":281,"column":4},"end":{"line":284,"column":5}},"80":{"start":{"line":282,"column":34},"end":{"line":282,"column":79}},"81":{"start":{"line":283,"column":8},"end":{"line":283,"column":77}},"82":{"start":{"line":283,"column":51},"end":{"line":283,"column":76}},"83":{"start":{"line":285,"column":4},"end":{"line":285,"column":29}},"84":{"start":{"line":294,"column":4},"end":{"line":297,"column":5}},"85":{"start":{"line":295,"column":32},"end":{"line":295,"column":74}},"86":{"start":{"line":296,"column":8},"end":{"line":296,"column":73}},"87":{"start":{"line":296,"column":49},"end":{"line":296,"column":72}},"88":{"start":{"line":298,"column":4},"end":{"line":298,"column":27}},"89":{"start":{"line":309,"column":4},"end":{"line":318,"column":5}},"90":{"start":{"line":310,"column":26},"end":{"line":310,"column":58}},"91":{"start":{"line":311,"column":30},"end":{"line":311,"column":43}},"92":{"start":{"line":312,"column":8},"end":{"line":312,"column":67}},"93":{"start":{"line":313,"column":11},"end":{"line":318,"column":5}},"94":{"start":{"line":314,"column":8},"end":{"line":314,"column":38}},"95":{"start":{"line":317,"column":8},"end":{"line":317,"column":41}},"96":{"start":{"line":330,"column":19},"end":{"line":330,"column":21}},"97":{"start":{"line":332,"column":22},"end":{"line":332,"column":31}},"98":{"start":{"line":336,"column":4},"end":{"line":342,"column":5}},"99":{"start":{"line":337,"column":8},"end":{"line":340,"column":9}},"100":{"start":{"line":339,"column":12},"end":{"line":339,"column":57}},"101":{"start":{"line":341,"column":8},"end":{"line":341,"column":47}},"102":{"start":{"line":345,"column":4},"end":{"line":348,"column":5}},"103":{"start":{"line":347,"column":8},"end":{"line":347,"column":49}},"104":{"start":{"line":349,"column":4},"end":{"line":349,"column":17}},"105":{"start":{"line":362,"column":4},"end":{"line":362,"column":132}},"106":{"start":{"line":373,"column":16},"end":{"line":373,"column":25}},"107":{"start":{"line":374,"column":4},"end":{"line":377,"column":6}},"108":{"start":{"line":375,"column":19},"end":{"line":375,"column":36}},"109":{"start":{"line":376,"column":8},"end":{"line":376,"column":32}},"110":{"start":{"line":378,"column":4},"end":{"line":378,"column":14}},"111":{"start":{"line":391,"column":4},"end":{"line":394,"column":10}},"112":{"start":{"line":392,"column":19},"end":{"line":392,"column":29}},"113":{"start":{"line":393,"column":8},"end":{"line":393,"column":49}},"114":{"start":{"line":406,"column":4},"end":{"line":414,"column":6}},"115":{"start":{"line":407,"column":8},"end":{"line":412,"column":9}},"116":{"start":{"line":411,"column":12},"end":{"line":411,"column":52}},"117":{"start":{"line":413,"column":8},"end":{"line":413,"column":20}},"118":{"start":{"line":418,"column":33},"end":{"line":418,"column":82}},"119":{"start":{"line":420,"column":30},"end":{"line":420,"column":85}},"120":{"start":{"line":421,"column":4},"end":{"line":421,"column":85}},"121":{"start":{"line":435,"column":21},"end":{"line":435,"column":55}},"122":{"start":{"line":438,"column":34},"end":{"line":438,"column":74}},"123":{"start":{"line":439,"column":39},"end":{"line":441,"column":5}},"124":{"start":{"line":440,"column":18},"end":{"line":440,"column":87}},"125":{"start":{"line":440,"column":58},"end":{"line":440,"column":86}},"126":{"start":{"line":444,"column":24},"end":{"line":444,"column":46}},"127":{"start":{"line":447,"column":40},"end":{"line":447,"column":100}},"128":{"start":{"line":451,"column":8},"end":{"line":455,"column":22}},"129":{"start":{"line":453,"column":18},"end":{"line":453,"column":60}},"130":{"start":{"line":456,"column":4},"end":{"line":456,"column":108}},"131":{"start":{"line":456,"column":56},"end":{"line":456,"column":107}}},"fnMap":{"0":{"name":"hasRoom","decl":{"start":{"line":42,"column":16},"end":{"line":42,"column":23}},"loc":{"start":{"line":42,"column":45},"end":{"line":44,"column":1}},"line":42},"1":{"name":"doesStartHourMatch","decl":{"start":{"line":56,"column":16},"end":{"line":56,"column":34}},"loc":{"start":{"line":56,"column":57},"end":{"line":59,"column":1}},"line":56},"2":{"name":"doesEndHourMatch","decl":{"start":{"line":69,"column":16},"end":{"line":69,"column":32}},"loc":{"start":{"line":69,"column":55},"end":{"line":72,"column":1}},"line":69},"3":{"name":"isBetweenHours","decl":{"start":{"line":82,"column":16},"end":{"line":82,"column":30}},"loc":{"start":{"line":82,"column":53},"end":{"line":100,"column":1}},"line":82},"4":{"name":"isSameWeekDay","decl":{"start":{"line":110,"column":16},"end":{"line":110,"column":29}},"loc":{"start":{"line":110,"column":52},"end":{"line":116,"column":1}},"line":110},"5":{"name":"isSameShift","decl":{"start":{"line":126,"column":16},"end":{"line":126,"column":27}},"loc":{"start":{"line":126,"column":50},"end":{"line":137,"column":1}},"line":126},"6":{"name":"getFiltersExcludeToApply","decl":{"start":{"line":146,"column":16},"end":{"line":146,"column":40}},"loc":{"start":{"line":146,"column":57},"end":{"line":167,"column":1}},"line":146},"7":{"name":"getAllSlots","decl":{"start":{"line":178,"column":16},"end":{"line":178,"column":27}},"loc":{"start":{"line":178,"column":51},"end":{"line":219,"column":1}},"line":178},"8":{"name":"getSlotTime","decl":{"start":{"line":229,"column":9},"end":{"line":229,"column":20}},"loc":{"start":{"line":229,"column":33},"end":{"line":233,"column":1}},"line":229},"9":{"name":"getRoomsWithSelectedFeature","decl":{"start":{"line":244,"column":9},"end":{"line":244,"column":36}},"loc":{"start":{"line":244,"column":60},"end":{"line":248,"column":1}},"line":244},"10":{"name":"(anonymous_10)","decl":{"start":{"line":245,"column":24},"end":{"line":245,"column":25}},"loc":{"start":{"line":246,"column":8},"end":{"line":246,"column":95}},"line":246},"11":{"name":"(anonymous_11)","decl":{"start":{"line":246,"column":46},"end":{"line":246,"column":47}},"loc":{"start":{"line":246,"column":66},"end":{"line":246,"column":94}},"line":246},"12":{"name":"getRoomsToIterate","decl":{"start":{"line":260,"column":9},"end":{"line":260,"column":26}},"loc":{"start":{"line":260,"column":50},"end":{"line":270,"column":1}},"line":260},"13":{"name":"(anonymous_13)","decl":{"start":{"line":266,"column":70},"end":{"line":266,"column":71}},"loc":{"start":{"line":266,"column":80},"end":{"line":266,"column":97}},"line":266},"14":{"name":"getStartTime","decl":{"start":{"line":280,"column":9},"end":{"line":280,"column":21}},"loc":{"start":{"line":280,"column":38},"end":{"line":286,"column":1}},"line":280},"15":{"name":"(anonymous_15)","decl":{"start":{"line":283,"column":41},"end":{"line":283,"column":42}},"loc":{"start":{"line":283,"column":51},"end":{"line":283,"column":76}},"line":283},"16":{"name":"getEndTime","decl":{"start":{"line":293,"column":9},"end":{"line":293,"column":19}},"loc":{"start":{"line":293,"column":36},"end":{"line":299,"column":1}},"line":293},"17":{"name":"(anonymous_17)","decl":{"start":{"line":296,"column":39},"end":{"line":296,"column":40}},"loc":{"start":{"line":296,"column":49},"end":{"line":296,"column":72}},"line":296},"18":{"name":"getEndDate","decl":{"start":{"line":308,"column":16},"end":{"line":308,"column":26}},"loc":{"start":{"line":308,"column":43},"end":{"line":319,"column":1}},"line":308},"19":{"name":"getDatesExcludingSundays","decl":{"start":{"line":329,"column":16},"end":{"line":329,"column":40}},"loc":{"start":{"line":329,"column":61},"end":{"line":350,"column":1}},"line":329},"20":{"name":"mkId","decl":{"start":{"line":361,"column":16},"end":{"line":361,"column":20}},"loc":{"start":{"line":361,"column":28},"end":{"line":363,"column":1}},"line":361},"21":{"name":"mkSheduleMap","decl":{"start":{"line":372,"column":16},"end":{"line":372,"column":28}},"loc":{"start":{"line":372,"column":43},"end":{"line":379,"column":1}},"line":372},"22":{"name":"(anonymous_22)","decl":{"start":{"line":374,"column":25},"end":{"line":374,"column":26}},"loc":{"start":{"line":374,"column":42},"end":{"line":377,"column":5}},"line":374},"23":{"name":"removeSheduledSlots","decl":{"start":{"line":390,"column":16},"end":{"line":390,"column":35}},"loc":{"start":{"line":390,"column":48},"end":{"line":395,"column":1}},"line":390},"24":{"name":"(anonymous_24)","decl":{"start":{"line":391,"column":24},"end":{"line":391,"column":25}},"loc":{"start":{"line":391,"column":39},"end":{"line":394,"column":5}},"line":391},"25":{"name":"isOverlapping","decl":{"start":{"line":405,"column":9},"end":{"line":405,"column":22}},"loc":{"start":{"line":405,"column":39},"end":{"line":415,"column":1}},"line":405},"26":{"name":"(anonymous_26)","decl":{"start":{"line":406,"column":25},"end":{"line":406,"column":26}},"loc":{"start":{"line":406,"column":42},"end":{"line":414,"column":5}},"line":406},"27":{"name":"getNextWeekDate","decl":{"start":{"line":417,"column":16},"end":{"line":417,"column":31}},"loc":{"start":{"line":417,"column":44},"end":{"line":422,"column":1}},"line":417},"28":{"name":"lookupSlots","decl":{"start":{"line":433,"column":16},"end":{"line":433,"column":27}},"loc":{"start":{"line":433,"column":95},"end":{"line":457,"column":1}},"line":433},"29":{"name":"(anonymous_29)","decl":{"start":{"line":440,"column":8},"end":{"line":440,"column":9}},"loc":{"start":{"line":440,"column":18},"end":{"line":440,"column":87}},"line":440},"30":{"name":"(anonymous_30)","decl":{"start":{"line":440,"column":46},"end":{"line":440,"column":47}},"loc":{"start":{"line":440,"column":58},"end":{"line":440,"column":86}},"line":440},"31":{"name":"(anonymous_31)","decl":{"start":{"line":452,"column":30},"end":{"line":452,"column":31}},"loc":{"start":{"line":452,"column":47},"end":{"line":454,"column":15}},"line":452},"32":{"name":"(anonymous_32)","decl":{"start":{"line":456,"column":46},"end":{"line":456,"column":47}},"loc":{"start":{"line":456,"column":56},"end":{"line":456,"column":107}},"line":456}},"branchMap":{"0":{"loc":{"start":{"line":57,"column":4},"end":{"line":57,"column":92}},"type":"if","locations":[{"start":{"line":57,"column":4},"end":{"line":57,"column":92}},{"start":{},"end":{}}],"line":57},"1":{"loc":{"start":{"line":57,"column":8},"end":{"line":57,"column":78}},"type":"binary-expr","locations":[{"start":{"line":57,"column":8},"end":{"line":57,"column":46}},{"start":{"line":57,"column":50},"end":{"line":57,"column":78}}],"line":57},"2":{"loc":{"start":{"line":70,"column":4},"end":{"line":70,"column":86}},"type":"if","locations":[{"start":{"line":70,"column":4},"end":{"line":70,"column":86}},{"start":{},"end":{}}],"line":70},"3":{"loc":{"start":{"line":70,"column":8},"end":{"line":70,"column":72}},"type":"binary-expr","locations":[{"start":{"line":70,"column":8},"end":{"line":70,"column":43}},{"start":{"line":70,"column":47},"end":{"line":70,"column":72}}],"line":70},"4":{"loc":{"start":{"line":83,"column":4},"end":{"line":90,"column":5}},"type":"if","locations":[{"start":{"line":83,"column":4},"end":{"line":90,"column":5}},{"start":{},"end":{}}],"line":83},"5":{"loc":{"start":{"line":84,"column":8},"end":{"line":87,"column":33}},"type":"binary-expr","locations":[{"start":{"line":84,"column":8},"end":{"line":84,"column":46}},{"start":{"line":85,"column":8},"end":{"line":85,"column":43}},{"start":{"line":86,"column":8},"end":{"line":86,"column":36}},{"start":{"line":87,"column":8},"end":{"line":87,"column":33}}],"line":84},"6":{"loc":{"start":{"line":96,"column":8},"end":{"line":98,"column":82}},"type":"binary-expr","locations":[{"start":{"line":96,"column":9},"end":{"line":96,"column":46}},{"start":{"line":96,"column":50},"end":{"line":96,"column":84}},{"start":{"line":97,"column":9},"end":{"line":97,"column":42}},{"start":{"line":97,"column":46},"end":{"line":97,"column":80}},{"start":{"line":98,"column":9},"end":{"line":98,"column":45}},{"start":{"line":98,"column":49},"end":{"line":98,"column":81}}],"line":96},"7":{"loc":{"start":{"line":111,"column":4},"end":{"line":111,"column":74}},"type":"if","locations":[{"start":{"line":111,"column":4},"end":{"line":111,"column":74}},{"start":{},"end":{}}],"line":111},"8":{"loc":{"start":{"line":111,"column":8},"end":{"line":111,"column":60}},"type":"binary-expr","locations":[{"start":{"line":111,"column":8},"end":{"line":111,"column":35}},{"start":{"line":111,"column":39},"end":{"line":111,"column":60}}],"line":111},"9":{"loc":{"start":{"line":114,"column":4},"end":{"line":114,"column":37}},"type":"if","locations":[{"start":{"line":114,"column":4},"end":{"line":114,"column":37}},{"start":{},"end":{}}],"line":114},"10":{"loc":{"start":{"line":127,"column":4},"end":{"line":127,"column":75}},"type":"if","locations":[{"start":{"line":127,"column":4},"end":{"line":127,"column":75}},{"start":{},"end":{}}],"line":127},"11":{"loc":{"start":{"line":127,"column":8},"end":{"line":127,"column":61}},"type":"binary-expr","locations":[{"start":{"line":127,"column":8},"end":{"line":127,"column":29}},{"start":{"line":127,"column":33},"end":{"line":127,"column":61}}],"line":127},"12":{"loc":{"start":{"line":128,"column":4},"end":{"line":136,"column":5}},"type":"if","locations":[{"start":{"line":128,"column":4},"end":{"line":136,"column":5}},{"start":{"line":130,"column":11},"end":{"line":136,"column":5}}],"line":128},"13":{"loc":{"start":{"line":130,"column":11},"end":{"line":136,"column":5}},"type":"if","locations":[{"start":{"line":130,"column":11},"end":{"line":136,"column":5}},{"start":{"line":132,"column":11},"end":{"line":136,"column":5}}],"line":130},"14":{"loc":{"start":{"line":132,"column":11},"end":{"line":136,"column":5}},"type":"if","locations":[{"start":{"line":132,"column":11},"end":{"line":136,"column":5}},{"start":{"line":134,"column":11},"end":{"line":136,"column":5}}],"line":132},"15":{"loc":{"start":{"line":148,"column":4},"end":{"line":150,"column":5}},"type":"if","locations":[{"start":{"line":148,"column":4},"end":{"line":150,"column":5}},{"start":{},"end":{}}],"line":148},"16":{"loc":{"start":{"line":148,"column":8},"end":{"line":148,"column":88}},"type":"binary-expr","locations":[{"start":{"line":148,"column":8},"end":{"line":148,"column":47}},{"start":{"line":148,"column":51},"end":{"line":148,"column":88}}],"line":148},"17":{"loc":{"start":{"line":151,"column":4},"end":{"line":153,"column":5}},"type":"if","locations":[{"start":{"line":151,"column":4},"end":{"line":153,"column":5}},{"start":{},"end":{}}],"line":151},"18":{"loc":{"start":{"line":151,"column":8},"end":{"line":151,"column":88}},"type":"binary-expr","locations":[{"start":{"line":151,"column":8},"end":{"line":151,"column":44}},{"start":{"line":151,"column":48},"end":{"line":151,"column":88}}],"line":151},"19":{"loc":{"start":{"line":154,"column":4},"end":{"line":156,"column":5}},"type":"if","locations":[{"start":{"line":154,"column":4},"end":{"line":156,"column":5}},{"start":{},"end":{}}],"line":154},"20":{"loc":{"start":{"line":154,"column":8},"end":{"line":154,"column":87}},"type":"binary-expr","locations":[{"start":{"line":154,"column":8},"end":{"line":154,"column":47}},{"start":{"line":154,"column":51},"end":{"line":154,"column":87}}],"line":154},"21":{"loc":{"start":{"line":157,"column":4},"end":{"line":159,"column":5}},"type":"if","locations":[{"start":{"line":157,"column":4},"end":{"line":159,"column":5}},{"start":{},"end":{}}],"line":157},"22":{"loc":{"start":{"line":160,"column":4},"end":{"line":162,"column":5}},"type":"if","locations":[{"start":{"line":160,"column":4},"end":{"line":162,"column":5}},{"start":{},"end":{}}],"line":160},"23":{"loc":{"start":{"line":163,"column":4},"end":{"line":165,"column":5}},"type":"if","locations":[{"start":{"line":163,"column":4},"end":{"line":165,"column":5}},{"start":{},"end":{}}],"line":163},"24":{"loc":{"start":{"line":191,"column":4},"end":{"line":193,"column":5}},"type":"if","locations":[{"start":{"line":191,"column":4},"end":{"line":193,"column":5}},{"start":{},"end":{}}],"line":191},"25":{"loc":{"start":{"line":191,"column":8},"end":{"line":191,"column":89}},"type":"binary-expr","locations":[{"start":{"line":191,"column":8},"end":{"line":191,"column":35}},{"start":{"line":191,"column":40},"end":{"line":191,"column":65}},{"start":{"line":191,"column":69},"end":{"line":191,"column":88}}],"line":191},"26":{"loc":{"start":{"line":195,"column":22},"end":{"line":195,"column":81}},"type":"cond-expr","locations":[{"start":{"line":195,"column":42},"end":{"line":195,"column":74}},{"start":{"line":195,"column":77},"end":{"line":195,"column":81}}],"line":195},"27":{"loc":{"start":{"line":202,"column":20},"end":{"line":213,"column":21}},"type":"if","locations":[{"start":{"line":202,"column":20},"end":{"line":213,"column":21}},{"start":{},"end":{}}],"line":202},"28":{"loc":{"start":{"line":204,"column":24},"end":{"line":212,"column":25}},"type":"if","locations":[{"start":{"line":204,"column":24},"end":{"line":212,"column":25}},{"start":{},"end":{}}],"line":204},"29":{"loc":{"start":{"line":263,"column":4},"end":{"line":269,"column":5}},"type":"if","locations":[{"start":{"line":263,"column":4},"end":{"line":269,"column":5}},{"start":{"line":265,"column":11},"end":{"line":269,"column":5}}],"line":263},"30":{"loc":{"start":{"line":265,"column":11},"end":{"line":269,"column":5}},"type":"if","locations":[{"start":{"line":265,"column":11},"end":{"line":269,"column":5}},{"start":{"line":267,"column":11},"end":{"line":269,"column":5}}],"line":265},"31":{"loc":{"start":{"line":281,"column":4},"end":{"line":284,"column":5}},"type":"if","locations":[{"start":{"line":281,"column":4},"end":{"line":284,"column":5}},{"start":{},"end":{}}],"line":281},"32":{"loc":{"start":{"line":294,"column":4},"end":{"line":297,"column":5}},"type":"if","locations":[{"start":{"line":294,"column":4},"end":{"line":297,"column":5}},{"start":{},"end":{}}],"line":294},"33":{"loc":{"start":{"line":309,"column":4},"end":{"line":318,"column":5}},"type":"if","locations":[{"start":{"line":309,"column":4},"end":{"line":318,"column":5}},{"start":{"line":313,"column":11},"end":{"line":318,"column":5}}],"line":309},"34":{"loc":{"start":{"line":313,"column":11},"end":{"line":318,"column":5}},"type":"if","locations":[{"start":{"line":313,"column":11},"end":{"line":318,"column":5}},{"start":{"line":315,"column":11},"end":{"line":318,"column":5}}],"line":313},"35":{"loc":{"start":{"line":337,"column":8},"end":{"line":340,"column":9}},"type":"if","locations":[{"start":{"line":337,"column":8},"end":{"line":340,"column":9}},{"start":{},"end":{}}],"line":337},"36":{"loc":{"start":{"line":345,"column":4},"end":{"line":348,"column":5}},"type":"if","locations":[{"start":{"line":345,"column":4},"end":{"line":348,"column":5}},{"start":{},"end":{}}],"line":345},"37":{"loc":{"start":{"line":345,"column":8},"end":{"line":345,"column":58}},"type":"binary-expr","locations":[{"start":{"line":345,"column":8},"end":{"line":345,"column":35}},{"start":{"line":345,"column":39},"end":{"line":345,"column":58}}],"line":345},"38":{"loc":{"start":{"line":393,"column":15},"end":{"line":393,"column":49}},"type":"cond-expr","locations":[{"start":{"line":393,"column":29},"end":{"line":393,"column":32}},{"start":{"line":393,"column":35},"end":{"line":393,"column":49}}],"line":393},"39":{"loc":{"start":{"line":407,"column":8},"end":{"line":412,"column":9}},"type":"if","locations":[{"start":{"line":407,"column":8},"end":{"line":412,"column":9}},{"start":{},"end":{}}],"line":407},"40":{"loc":{"start":{"line":408,"column":12},"end":{"line":409,"column":82}},"type":"binary-expr","locations":[{"start":{"line":408,"column":12},"end":{"line":408,"column":64}},{"start":{"line":409,"column":12},"end":{"line":409,"column":82}}],"line":408},"41":{"loc":{"start":{"line":451,"column":8},"end":{"line":455,"column":22}},"type":"cond-expr","locations":[{"start":{"line":452,"column":14},"end":{"line":454,"column":16}},{"start":{"line":455,"column":14},"end":{"line":455,"column":22}}],"line":451}},"s":{"0":4,"1":4,"2":2,"3":2,"4":4,"5":2,"6":2,"7":6,"8":4,"9":2,"10":2,"11":2,"12":2,"13":2,"14":4,"15":2,"16":2,"17":2,"18":2,"19":0,"20":2,"21":6,"22":2,"23":4,"24":2,"25":2,"26":1,"27":1,"28":1,"29":0,"30":8,"31":8,"32":1,"33":8,"34":1,"35":8,"36":1,"37":8,"38":1,"39":8,"40":1,"41":8,"42":1,"43":8,"44":1,"45":1,"46":1,"47":1,"48":1,"49":1,"50":1,"51":0,"52":1,"53":1,"54":1,"55":1,"56":27,"57":27,"58":702,"59":702,"60":702,"61":702,"62":702,"63":377,"64":377,"65":24,"66":1,"67":377,"68":377,"69":377,"70":0,"71":0,"72":0,"73":1,"74":1,"75":0,"76":0,"77":0,"78":0,"79":1,"80":1,"81":1,"82":27,"83":0,"84":1,"85":1,"86":1,"87":27,"88":0,"89":6,"90":1,"91":1,"92":1,"93":5,"94":2,"95":3,"96":6,"97":6,"98":6,"99":21,"100":18,"101":21,"102":6,"103":2,"104":6,"105":3,"106":2,"107":2,"108":2,"109":2,"110":2,"111":0,"112":0,"113":0,"114":0,"115":0,"116":0,"117":0,"118":0,"119":0,"120":0,"121":0,"122":0,"123":0,"124":0,"125":0,"126":0,"127":0,"128":0,"129":0,"130":0,"131":0},"f":{"0":4,"1":4,"2":4,"3":6,"4":4,"5":6,"6":8,"7":1,"8":377,"9":0,"10":0,"11":0,"12":1,"13":0,"14":1,"15":27,"16":1,"17":27,"18":6,"19":6,"20":3,"21":2,"22":2,"23":0,"24":0,"25":0,"26":0,"27":0,"28":0,"29":0,"30":0,"31":0,"32":0},"b":{"0":[2,2],"1":[4,3],"2":[2,2],"3":[4,3],"4":[4,2],"5":[6,5,4,3],"6":[2,2,1,0,1,0],"7":[2,2],"8":[4,3],"9":[0,2],"10":[2,4],"11":[6,5],"12":[2,2],"13":[1,1],"14":[1,0],"15":[1,7],"16":[8,2],"17":[1,7],"18":[8,2],"19":[1,7],"20":[8,2],"21":[1,7],"22":[1,7],"23":[1,7],"24":[0,1],"25":[1,1,0],"26":[0,1],"27":[377,325],"28":[24,353],"29":[1,0],"30":[0,0],"31":[1,0],"32":[1,0],"33":[1,5],"34":[2,3],"35":[18,3],"36":[2,4],"37":[6,4],"38":[0,0],"39":[0,0],"40":[0,0],"41":[0,0]},"_coverageSchema":"1a1c01bbd47fc00a2c39e90264f33305004495a9","hash":"84da2513052b613db46694b99861ba0eb6c5cc3f"}
}
