{"C:\\Users\\MasterAdmin\\Documents\\GitHub\\ES-2024-EI-Grupo-G\\src\\App.js": {"path":"C:\\Users\\MasterAdmin\\Documents\\GitHub\\ES-2024-EI-Grupo-G\\src\\App.js","statementMap":{"0":{"start":{"line":37,"column":4},"end":{"line":56,"column":5}}},"fnMap":{"0":{"name":"App","decl":{"start":{"line":36,"column":24},"end":{"line":36,"column":27}},"loc":{"start":{"line":36,"column":30},"end":{"line":57,"column":1}},"line":36}},"branchMap":{},"s":{"0":0},"f":{"0":0},"b":{}}
,"C:\\Users\\MasterAdmin\\Documents\\GitHub\\ES-2024-EI-Grupo-G\\src\\CsvReader.js": {"path":"C:\\Users\\MasterAdmin\\Documents\\GitHub\\ES-2024-EI-Grupo-G\\src\\CsvReader.js","statementMap":{"0":{"start":{"line":25,"column":20},"end":{"line":25,"column":82}},"1":{"start":{"line":33,"column":29},"end":{"line":35,"column":5}},"2":{"start":{"line":34,"column":8},"end":{"line":34,"column":21}},"3":{"start":{"line":37,"column":4},"end":{"line":54,"column":5}}},"fnMap":{"0":{"name":"CsvReader","decl":{"start":{"line":24,"column":24},"end":{"line":24,"column":33}},"loc":{"start":{"line":24,"column":42},"end":{"line":55,"column":1}},"line":24},"1":{"name":"(anonymous_1)","decl":{"start":{"line":33,"column":29},"end":{"line":33,"column":30}},"loc":{"start":{"line":33,"column":49},"end":{"line":35,"column":5}},"line":33}},"branchMap":{"0":{"loc":{"start":{"line":25,"column":31},"end":{"line":25,"column":81}},"type":"cond-expr","locations":[{"start":{"line":25,"column":57},"end":{"line":25,"column":69}},{"start":{"line":25,"column":72},"end":{"line":25,"column":81}}],"line":25}},"s":{"0":5,"1":5,"2":0,"3":5},"f":{"0":5,"1":0},"b":{"0":[0,5]},"_coverageSchema":"1a1c01bbd47fc00a2c39e90264f33305004495a9","hash":"433f8f95ce8046e54ffbaf54e40909f8ad6a5488"}
,"C:\\Users\\MasterAdmin\\Documents\\GitHub\\ES-2024-EI-Grupo-G\\src\\MultipleSelectCheckmarks.js": {"path":"C:\\Users\\MasterAdmin\\Documents\\GitHub\\ES-2024-EI-Grupo-G\\src\\MultipleSelectCheckmarks.js","statementMap":{"0":{"start":{"line":22,"column":20},"end":{"line":22,"column":22}},"1":{"start":{"line":24,"column":25},"end":{"line":24,"column":26}},"2":{"start":{"line":26,"column":18},"end":{"line":33,"column":1}},"3":{"start":{"line":36,"column":16},"end":{"line":50,"column":1}},"4":{"start":{"line":61,"column":50},"end":{"line":61,"column":67}},"5":{"start":{"line":63,"column":25},"end":{"line":80,"column":5}},"6":{"start":{"line":66,"column":12},"end":{"line":66,"column":17}},"7":{"start":{"line":67,"column":8},"end":{"line":78,"column":10}},"8":{"start":{"line":68,"column":12},"end":{"line":77,"column":13}},"9":{"start":{"line":76,"column":16},"end":{"line":76,"column":57}},"10":{"start":{"line":79,"column":8},"end":{"line":79,"column":33}},"11":{"start":{"line":82,"column":4},"end":{"line":105,"column":5}},"12":{"start":{"line":93,"column":47},"end":{"line":93,"column":66}},"13":{"start":{"line":97,"column":24},"end":{"line":100,"column":35}}},"fnMap":{"0":{"name":"MultipleSelectCheckmarks","decl":{"start":{"line":60,"column":24},"end":{"line":60,"column":48}},"loc":{"start":{"line":60,"column":63},"end":{"line":106,"column":1}},"line":60},"1":{"name":"(anonymous_1)","decl":{"start":{"line":63,"column":25},"end":{"line":63,"column":26}},"loc":{"start":{"line":63,"column":36},"end":{"line":80,"column":5}},"line":63},"2":{"name":"(anonymous_2)","decl":{"start":{"line":67,"column":24},"end":{"line":67,"column":25}},"loc":{"start":{"line":67,"column":33},"end":{"line":78,"column":9}},"line":67},"3":{"name":"(anonymous_3)","decl":{"start":{"line":93,"column":33},"end":{"line":93,"column":34}},"loc":{"start":{"line":93,"column":47},"end":{"line":93,"column":66}},"line":93},"4":{"name":"(anonymous_4)","decl":{"start":{"line":96,"column":33},"end":{"line":96,"column":34}},"loc":{"start":{"line":97,"column":24},"end":{"line":100,"column":35}},"line":97}},"branchMap":{"0":{"loc":{"start":{"line":68,"column":12},"end":{"line":77,"column":13}},"type":"if","locations":[{"start":{"line":68,"column":12},"end":{"line":77,"column":13}},{"start":{},"end":{}}],"line":68},"1":{"loc":{"start":{"line":71,"column":16},"end":{"line":74,"column":71}},"type":"binary-expr","locations":[{"start":{"line":71,"column":17},"end":{"line":71,"column":36}},{"start":{"line":71,"column":40},"end":{"line":71,"column":70}},{"start":{"line":74,"column":17},"end":{"line":74,"column":37}},{"start":{"line":74,"column":41},"end":{"line":74,"column":70}}],"line":71}},"s":{"0":1,"1":1,"2":1,"3":1,"4":1,"5":1,"6":0,"7":0,"8":0,"9":0,"10":0,"11":1,"12":2,"13":13},"f":{"0":1,"1":0,"2":0,"3":2,"4":13},"b":{"0":[0,0],"1":[0,0,0,0]},"_coverageSchema":"1a1c01bbd47fc00a2c39e90264f33305004495a9","hash":"92a9bf5b34a12e3b27fc273c6cf914182e8a7416"}
,"C:\\Users\\MasterAdmin\\Documents\\GitHub\\ES-2024-EI-Grupo-G\\src\\RemoteFile.js": {"path":"C:\\Users\\MasterAdmin\\Documents\\GitHub\\ES-2024-EI-Grupo-G\\src\\RemoteFile.js","statementMap":{"0":{"start":{"line":26,"column":20},"end":{"line":26,"column":82}},"1":{"start":{"line":31,"column":36},"end":{"line":31,"column":48}},"2":{"start":{"line":37,"column":29},"end":{"line":39,"column":5}},"3":{"start":{"line":38,"column":8},"end":{"line":38,"column":39}},"4":{"start":{"line":45,"column":29},"end":{"line":57,"column":5}},"5":{"start":{"line":46,"column":8},"end":{"line":56,"column":9}},"6":{"start":{"line":47,"column":29},"end":{"line":47,"column":50}},"7":{"start":{"line":48,"column":12},"end":{"line":50,"column":13}},"8":{"start":{"line":49,"column":16},"end":{"line":49,"column":54}},"9":{"start":{"line":51,"column":28},"end":{"line":51,"column":49}},"10":{"start":{"line":52,"column":27},"end":{"line":52,"column":64}},"11":{"start":{"line":53,"column":12},"end":{"line":53,"column":32}},"12":{"start":{"line":55,"column":12},"end":{"line":55,"column":55}},"13":{"start":{"line":59,"column":4},"end":{"line":66,"column":5}}},"fnMap":{"0":{"name":"RemoteFile","decl":{"start":{"line":25,"column":24},"end":{"line":25,"column":34}},"loc":{"start":{"line":25,"column":43},"end":{"line":67,"column":1}},"line":25},"1":{"name":"(anonymous_1)","decl":{"start":{"line":37,"column":29},"end":{"line":37,"column":30}},"loc":{"start":{"line":37,"column":40},"end":{"line":39,"column":5}},"line":37},"2":{"name":"(anonymous_2)","decl":{"start":{"line":45,"column":29},"end":{"line":45,"column":30}},"loc":{"start":{"line":45,"column":41},"end":{"line":57,"column":5}},"line":45}},"branchMap":{"0":{"loc":{"start":{"line":26,"column":31},"end":{"line":26,"column":81}},"type":"cond-expr","locations":[{"start":{"line":26,"column":57},"end":{"line":26,"column":69}},{"start":{"line":26,"column":72},"end":{"line":26,"column":81}}],"line":26},"1":{"loc":{"start":{"line":48,"column":12},"end":{"line":50,"column":13}},"type":"if","locations":[{"start":{"line":48,"column":12},"end":{"line":50,"column":13}},{"start":{},"end":{}}],"line":48}},"s":{"0":11,"1":11,"2":11,"3":5,"4":11,"5":3,"6":3,"7":3,"8":2,"9":1,"10":1,"11":0,"12":3,"13":11},"f":{"0":11,"1":5,"2":3},"b":{"0":[0,11],"1":[2,1]},"_coverageSchema":"1a1c01bbd47fc00a2c39e90264f33305004495a9","hash":"9f231bd749c2b4551381b2e70e761982273ca642"}
,"C:\\Users\\MasterAdmin\\Documents\\GitHub\\ES-2024-EI-Grupo-G\\src\\ReplaceCourse.js": {"path":"C:\\Users\\MasterAdmin\\Documents\\GitHub\\ES-2024-EI-Grupo-G\\src\\ReplaceCourse.js","statementMap":{"0":{"start":{"line":22,"column":14},"end":{"line":31,"column":1}},"1":{"start":{"line":34,"column":20},"end":{"line":34,"column":22}},"2":{"start":{"line":36,"column":25},"end":{"line":36,"column":26}},"3":{"start":{"line":38,"column":18},"end":{"line":45,"column":1}},"4":{"start":{"line":47,"column":22},"end":{"line":263,"column":1}},"5":{"start":{"line":48,"column":21},"end":{"line":48,"column":47}},"6":{"start":{"line":49,"column":4},"end":{"line":49,"column":59}},"7":{"start":{"line":50,"column":27},"end":{"line":50,"column":63}},"8":{"start":{"line":51,"column":20},"end":{"line":51,"column":54}},"9":{"start":{"line":52,"column":48},"end":{"line":52,"column":68}},"10":{"start":{"line":53,"column":48},"end":{"line":53,"column":68}},"11":{"start":{"line":54,"column":30},"end":{"line":58,"column":5}},"12":{"start":{"line":60,"column":4},"end":{"line":262,"column":5}},"13":{"start":{"line":66,"column":20},"end":{"line":66,"column":100}},"14":{"start":{"line":66,"column":94},"end":{"line":66,"column":100}},"15":{"start":{"line":67,"column":20},"end":{"line":67,"column":33}},"16":{"start":{"line":87,"column":36},"end":{"line":87,"column":98}},"17":{"start":{"line":91,"column":36},"end":{"line":93,"column":47}},"18":{"start":{"line":105,"column":36},"end":{"line":105,"column":97}},"19":{"start":{"line":109,"column":36},"end":{"line":111,"column":47}},"20":{"start":{"line":123,"column":36},"end":{"line":123,"column":99}},"21":{"start":{"line":127,"column":36},"end":{"line":129,"column":47}},"22":{"start":{"line":141,"column":36},"end":{"line":141,"column":99}},"23":{"start":{"line":144,"column":59},"end":{"line":144,"column":78}},"24":{"start":{"line":148,"column":36},"end":{"line":151,"column":47}},"25":{"start":{"line":168,"column":36},"end":{"line":168,"column":99}},"26":{"start":{"line":171,"column":59},"end":{"line":171,"column":78}},"27":{"start":{"line":175,"column":36},"end":{"line":178,"column":47}},"28":{"start":{"line":190,"column":36},"end":{"line":190,"column":109}},"29":{"start":{"line":193,"column":59},"end":{"line":193,"column":78}},"30":{"start":{"line":197,"column":36},"end":{"line":200,"column":47}},"31":{"start":{"line":215,"column":32},"end":{"line":215,"column":94}},"32":{"start":{"line":235,"column":44},"end":{"line":235,"column":99}},"33":{"start":{"line":247,"column":57},"end":{"line":247,"column":109}},"34":{"start":{"line":254,"column":47},"end":{"line":254,"column":60}}},"fnMap":{"0":{"name":"(anonymous_0)","decl":{"start":{"line":47,"column":22},"end":{"line":47,"column":23}},"loc":{"start":{"line":47,"column":28},"end":{"line":263,"column":1}},"line":47},"1":{"name":"(anonymous_1)","decl":{"start":{"line":64,"column":25},"end":{"line":64,"column":26}},"loc":{"start":{"line":64,"column":44},"end":{"line":68,"column":17}},"line":64},"2":{"name":"(anonymous_2)","decl":{"start":{"line":86,"column":42},"end":{"line":86,"column":43}},"loc":{"start":{"line":86,"column":49},"end":{"line":88,"column":33}},"line":86},"3":{"name":"(anonymous_3)","decl":{"start":{"line":90,"column":52},"end":{"line":90,"column":53}},"loc":{"start":{"line":91,"column":36},"end":{"line":93,"column":47}},"line":91},"4":{"name":"(anonymous_4)","decl":{"start":{"line":104,"column":42},"end":{"line":104,"column":43}},"loc":{"start":{"line":104,"column":49},"end":{"line":106,"column":33}},"line":104},"5":{"name":"(anonymous_5)","decl":{"start":{"line":108,"column":46},"end":{"line":108,"column":47}},"loc":{"start":{"line":109,"column":36},"end":{"line":111,"column":47}},"line":109},"6":{"name":"(anonymous_6)","decl":{"start":{"line":122,"column":42},"end":{"line":122,"column":43}},"loc":{"start":{"line":122,"column":49},"end":{"line":124,"column":33}},"line":122},"7":{"name":"(anonymous_7)","decl":{"start":{"line":126,"column":49},"end":{"line":126,"column":50}},"loc":{"start":{"line":127,"column":36},"end":{"line":129,"column":47}},"line":127},"8":{"name":"(anonymous_8)","decl":{"start":{"line":140,"column":42},"end":{"line":140,"column":43}},"loc":{"start":{"line":140,"column":49},"end":{"line":142,"column":33}},"line":140},"9":{"name":"(anonymous_9)","decl":{"start":{"line":144,"column":45},"end":{"line":144,"column":46}},"loc":{"start":{"line":144,"column":59},"end":{"line":144,"column":78}},"line":144},"10":{"name":"(anonymous_10)","decl":{"start":{"line":147,"column":43},"end":{"line":147,"column":44}},"loc":{"start":{"line":148,"column":36},"end":{"line":151,"column":47}},"line":148},"11":{"name":"(anonymous_11)","decl":{"start":{"line":167,"column":42},"end":{"line":167,"column":43}},"loc":{"start":{"line":167,"column":49},"end":{"line":169,"column":33}},"line":167},"12":{"name":"(anonymous_12)","decl":{"start":{"line":171,"column":45},"end":{"line":171,"column":46}},"loc":{"start":{"line":171,"column":59},"end":{"line":171,"column":78}},"line":171},"13":{"name":"(anonymous_13)","decl":{"start":{"line":174,"column":43},"end":{"line":174,"column":44}},"loc":{"start":{"line":175,"column":36},"end":{"line":178,"column":47}},"line":175},"14":{"name":"(anonymous_14)","decl":{"start":{"line":189,"column":42},"end":{"line":189,"column":43}},"loc":{"start":{"line":189,"column":49},"end":{"line":191,"column":33}},"line":189},"15":{"name":"(anonymous_15)","decl":{"start":{"line":193,"column":45},"end":{"line":193,"column":46}},"loc":{"start":{"line":193,"column":59},"end":{"line":193,"column":78}},"line":193},"16":{"name":"(anonymous_16)","decl":{"start":{"line":196,"column":51},"end":{"line":196,"column":52}},"loc":{"start":{"line":197,"column":36},"end":{"line":200,"column":47}},"line":197},"17":{"name":"(anonymous_17)","decl":{"start":{"line":214,"column":38},"end":{"line":214,"column":39}},"loc":{"start":{"line":214,"column":45},"end":{"line":216,"column":29}},"line":214},"18":{"name":"(anonymous_18)","decl":{"start":{"line":234,"column":50},"end":{"line":234,"column":51}},"loc":{"start":{"line":234,"column":57},"end":{"line":236,"column":41}},"line":234},"19":{"name":"(anonymous_19)","decl":{"start":{"line":247,"column":50},"end":{"line":247,"column":51}},"loc":{"start":{"line":247,"column":57},"end":{"line":247,"column":109}},"line":247},"20":{"name":"(anonymous_20)","decl":{"start":{"line":254,"column":41},"end":{"line":254,"column":42}},"loc":{"start":{"line":254,"column":47},"end":{"line":254,"column":60}},"line":254}},"branchMap":{"0":{"loc":{"start":{"line":66,"column":20},"end":{"line":66,"column":100}},"type":"if","locations":[{"start":{"line":66,"column":20},"end":{"line":66,"column":100}},{"start":{},"end":{}}],"line":66},"1":{"loc":{"start":{"line":66,"column":24},"end":{"line":66,"column":92}},"type":"binary-expr","locations":[{"start":{"line":66,"column":25},"end":{"line":66,"column":31}},{"start":{"line":66,"column":35},"end":{"line":66,"column":61}},{"start":{"line":66,"column":66},"end":{"line":66,"column":92}}],"line":66},"2":{"loc":{"start":{"line":84,"column":39},"end":{"line":84,"column":65}},"type":"binary-expr","locations":[{"start":{"line":84,"column":39},"end":{"line":84,"column":59}},{"start":{"line":84,"column":63},"end":{"line":84,"column":65}}],"line":84},"3":{"loc":{"start":{"line":102,"column":39},"end":{"line":102,"column":64}},"type":"binary-expr","locations":[{"start":{"line":102,"column":39},"end":{"line":102,"column":58}},{"start":{"line":102,"column":62},"end":{"line":102,"column":64}}],"line":102},"4":{"loc":{"start":{"line":120,"column":39},"end":{"line":120,"column":66}},"type":"binary-expr","locations":[{"start":{"line":120,"column":39},"end":{"line":120,"column":60}},{"start":{"line":120,"column":64},"end":{"line":120,"column":66}}],"line":120},"5":{"loc":{"start":{"line":139,"column":39},"end":{"line":139,"column":66}},"type":"binary-expr","locations":[{"start":{"line":139,"column":39},"end":{"line":139,"column":60}},{"start":{"line":139,"column":64},"end":{"line":139,"column":66}}],"line":139},"6":{"loc":{"start":{"line":166,"column":39},"end":{"line":166,"column":66}},"type":"binary-expr","locations":[{"start":{"line":166,"column":39},"end":{"line":166,"column":60}},{"start":{"line":166,"column":64},"end":{"line":166,"column":66}}],"line":166},"7":{"loc":{"start":{"line":188,"column":39},"end":{"line":188,"column":76}},"type":"binary-expr","locations":[{"start":{"line":188,"column":39},"end":{"line":188,"column":70}},{"start":{"line":188,"column":74},"end":{"line":188,"column":76}}],"line":188},"8":{"loc":{"start":{"line":223,"column":21},"end":{"line":252,"column":21}},"type":"binary-expr","locations":[{"start":{"line":223,"column":21},"end":{"line":223,"column":53}},{"start":{"line":224,"column":24},"end":{"line":251,"column":32}}],"line":223},"9":{"loc":{"start":{"line":232,"column":44},"end":{"line":232,"column":119}},"type":"binary-expr","locations":[{"start":{"line":232,"column":44},"end":{"line":232,"column":70}},{"start":{"line":232,"column":74},"end":{"line":232,"column":119}}],"line":232},"10":{"loc":{"start":{"line":246,"column":47},"end":{"line":246,"column":119}},"type":"binary-expr","locations":[{"start":{"line":246,"column":47},"end":{"line":246,"column":70}},{"start":{"line":246,"column":74},"end":{"line":246,"column":119}}],"line":246}},"s":{"0":0,"1":0,"2":0,"3":0,"4":0,"5":0,"6":0,"7":0,"8":0,"9":0,"10":0,"11":0,"12":0,"13":0,"14":0,"15":0,"16":0,"17":0,"18":0,"19":0,"20":0,"21":0,"22":0,"23":0,"24":0,"25":0,"26":0,"27":0,"28":0,"29":0,"30":0,"31":0,"32":0,"33":0,"34":0},"f":{"0":0,"1":0,"2":0,"3":0,"4":0,"5":0,"6":0,"7":0,"8":0,"9":0,"10":0,"11":0,"12":0,"13":0,"14":0,"15":0,"16":0,"17":0,"18":0,"19":0,"20":0},"b":{"0":[0,0],"1":[0,0,0],"2":[0,0],"3":[0,0],"4":[0,0],"5":[0,0],"6":[0,0],"7":[0,0],"8":[0,0],"9":[0,0],"10":[0,0]}}
,"C:\\Users\\MasterAdmin\\Documents\\GitHub\\ES-2024-EI-Grupo-G\\src\\RoomsTable.js": {"path":"C:\\Users\\MasterAdmin\\Documents\\GitHub\\ES-2024-EI-Grupo-G\\src\\RoomsTable.js","statementMap":{"0":{"start":{"line":30,"column":23},"end":{"line":103,"column":1}},"1":{"start":{"line":105,"column":28},"end":{"line":112,"column":1}},"2":{"start":{"line":125,"column":24},"end":{"line":125,"column":47}},"3":{"start":{"line":126,"column":32},"end":{"line":126,"column":58}},"4":{"start":{"line":127,"column":21},"end":{"line":127,"column":39}},"5":{"start":{"line":128,"column":46},"end":{"line":128,"column":64}},"6":{"start":{"line":129,"column":30},"end":{"line":129,"column":48}},"7":{"start":{"line":130,"column":46},"end":{"line":130,"column":67}},"8":{"start":{"line":131,"column":28},"end":{"line":131,"column":47}},"9":{"start":{"line":132,"column":34},"end":{"line":132,"column":52}},"10":{"start":{"line":133,"column":38},"end":{"line":133,"column":56}},"11":{"start":{"line":134,"column":34},"end":{"line":134,"column":52}},"12":{"start":{"line":135,"column":44},"end":{"line":135,"column":62}},"13":{"start":{"line":136,"column":54},"end":{"line":136,"column":82}},"14":{"start":{"line":137,"column":50},"end":{"line":137,"column":68}},"15":{"start":{"line":139,"column":22},"end":{"line":160,"column":5}},"16":{"start":{"line":140,"column":8},"end":{"line":149,"column":10}},"17":{"start":{"line":143,"column":55},"end":{"line":143,"column":74}},"18":{"start":{"line":152,"column":12},"end":{"line":154,"column":55}},"19":{"start":{"line":156,"column":8},"end":{"line":156,"column":40}},"20":{"start":{"line":157,"column":8},"end":{"line":157,"column":28}},"21":{"start":{"line":158,"column":8},"end":{"line":158,"column":20}},"22":{"start":{"line":159,"column":8},"end":{"line":159,"column":20}},"23":{"start":{"line":162,"column":34},"end":{"line":175,"column":5}},"24":{"start":{"line":163,"column":8},"end":{"line":174,"column":9}},"25":{"start":{"line":164,"column":12},"end":{"line":164,"column":63}},"26":{"start":{"line":165,"column":15},"end":{"line":174,"column":9}},"27":{"start":{"line":167,"column":12},"end":{"line":167,"column":43}},"28":{"start":{"line":169,"column":35},"end":{"line":169,"column":78}},"29":{"start":{"line":170,"column":33},"end":{"line":170,"column":61}},"30":{"start":{"line":171,"column":12},"end":{"line":173,"column":84}},"31":{"start":{"line":177,"column":18},"end":{"line":185,"column":5}},"32":{"start":{"line":178,"column":8},"end":{"line":178,"column":39}},"33":{"start":{"line":179,"column":8},"end":{"line":179,"column":22}},"34":{"start":{"line":180,"column":8},"end":{"line":180,"column":31}},"35":{"start":{"line":181,"column":8},"end":{"line":181,"column":20}},"36":{"start":{"line":182,"column":8},"end":{"line":182,"column":20}},"37":{"start":{"line":183,"column":8},"end":{"line":183,"column":28}},"38":{"start":{"line":184,"column":8},"end":{"line":184,"column":30}},"39":{"start":{"line":187,"column":28},"end":{"line":195,"column":5}},"40":{"start":{"line":188,"column":8},"end":{"line":188,"column":39}},"41":{"start":{"line":189,"column":8},"end":{"line":189,"column":22}},"42":{"start":{"line":190,"column":8},"end":{"line":190,"column":42}},"43":{"start":{"line":191,"column":8},"end":{"line":191,"column":24}},"44":{"start":{"line":192,"column":8},"end":{"line":192,"column":22}},"45":{"start":{"line":193,"column":8},"end":{"line":193,"column":27}},"46":{"start":{"line":194,"column":8},"end":{"line":194,"column":30}},"47":{"start":{"line":197,"column":25},"end":{"line":224,"column":5}},"48":{"start":{"line":198,"column":8},"end":{"line":223,"column":9}},"49":{"start":{"line":199,"column":12},"end":{"line":199,"column":19}},"50":{"start":{"line":201,"column":31},"end":{"line":201,"column":104}},"51":{"start":{"line":202,"column":12},"end":{"line":202,"column":34}},"52":{"start":{"line":203,"column":37},"end":{"line":203,"column":39}},"53":{"start":{"line":204,"column":12},"end":{"line":221,"column":14}},"54":{"start":{"line":206,"column":20},"end":{"line":208,"column":74}},"55":{"start":{"line":209,"column":16},"end":{"line":220,"column":17}},"56":{"start":{"line":210,"column":20},"end":{"line":210,"column":75}},"57":{"start":{"line":211,"column":23},"end":{"line":220,"column":17}},"58":{"start":{"line":213,"column":20},"end":{"line":213,"column":52}},"59":{"start":{"line":215,"column":43},"end":{"line":215,"column":92}},"60":{"start":{"line":216,"column":41},"end":{"line":216,"column":72}},"61":{"start":{"line":217,"column":20},"end":{"line":219,"column":95}},"62":{"start":{"line":222,"column":12},"end":{"line":222,"column":50}},"63":{"start":{"line":226,"column":4},"end":{"line":230,"column":25}},"64":{"start":{"line":227,"column":8},"end":{"line":229,"column":9}},"65":{"start":{"line":228,"column":12},"end":{"line":228,"column":56}},"66":{"start":{"line":232,"column":30},"end":{"line":291,"column":5}},"67":{"start":{"line":233,"column":8},"end":{"line":290,"column":9}},"68":{"start":{"line":234,"column":39},"end":{"line":234,"column":94}},"69":{"start":{"line":235,"column":37},"end":{"line":235,"column":86}},"70":{"start":{"line":237,"column":34},"end":{"line":237,"column":77}},"71":{"start":{"line":239,"column":12},"end":{"line":289,"column":13}},"72":{"start":{"line":240,"column":39},"end":{"line":250,"column":18}},"73":{"start":{"line":241,"column":42},"end":{"line":241,"column":69}},"74":{"start":{"line":242,"column":40},"end":{"line":242,"column":64}},"75":{"start":{"line":243,"column":37},"end":{"line":243,"column":57}},"76":{"start":{"line":245,"column":20},"end":{"line":249,"column":21}},"77":{"start":{"line":252,"column":41},"end":{"line":252,"column":100}},"78":{"start":{"line":252,"column":70},"end":{"line":252,"column":99}},"79":{"start":{"line":254,"column":36},"end":{"line":258,"column":19}},"80":{"start":{"line":254,"column":70},"end":{"line":258,"column":17}},"81":{"start":{"line":260,"column":16},"end":{"line":260,"column":50}},"82":{"start":{"line":261,"column":19},"end":{"line":289,"column":13}},"83":{"start":{"line":262,"column":39},"end":{"line":272,"column":18}},"84":{"start":{"line":263,"column":42},"end":{"line":263,"column":69}},"85":{"start":{"line":264,"column":40},"end":{"line":264,"column":64}},"86":{"start":{"line":265,"column":37},"end":{"line":265,"column":57}},"87":{"start":{"line":267,"column":20},"end":{"line":271,"column":21}},"88":{"start":{"line":274,"column":41},"end":{"line":274,"column":107}},"89":{"start":{"line":274,"column":70},"end":{"line":274,"column":106}},"90":{"start":{"line":277,"column":50},"end":{"line":277,"column":106}},"91":{"start":{"line":277,"column":73},"end":{"line":277,"column":105}},"92":{"start":{"line":279,"column":36},"end":{"line":283,"column":19}},"93":{"start":{"line":279,"column":79},"end":{"line":283,"column":17}},"94":{"start":{"line":285,"column":16},"end":{"line":285,"column":50}},"95":{"start":{"line":286,"column":16},"end":{"line":286,"column":32}},"96":{"start":{"line":287,"column":16},"end":{"line":287,"column":30}},"97":{"start":{"line":288,"column":16},"end":{"line":288,"column":35}},"98":{"start":{"line":293,"column":4},"end":{"line":468,"column":5}},"99":{"start":{"line":300,"column":40},"end":{"line":300,"column":74}},"100":{"start":{"line":312,"column":45},"end":{"line":312,"column":81}},"101":{"start":{"line":315,"column":28},"end":{"line":319,"column":29}},"102":{"start":{"line":330,"column":45},"end":{"line":330,"column":72}},"103":{"start":{"line":333,"column":28},"end":{"line":337,"column":29}},"104":{"start":{"line":349,"column":28},"end":{"line":349,"column":56}},"105":{"start":{"line":360,"column":32},"end":{"line":360,"column":60}},"106":{"start":{"line":364,"column":32},"end":{"line":366,"column":43}},"107":{"start":{"line":381,"column":24},"end":{"line":406,"column":25}},"108":{"start":{"line":382,"column":28},"end":{"line":391,"column":29}},"109":{"start":{"line":387,"column":52},"end":{"line":387,"column":71}},"110":{"start":{"line":393,"column":28},"end":{"line":405,"column":29}},"111":{"start":{"line":399,"column":56},"end":{"line":399,"column":75}},"112":{"start":{"line":415,"column":40},"end":{"line":415,"column":90}},"113":{"start":{"line":425,"column":41},"end":{"line":425,"column":73}},"114":{"start":{"line":433,"column":41},"end":{"line":433,"column":71}},"115":{"start":{"line":443,"column":41},"end":{"line":443,"column":76}},"116":{"start":{"line":455,"column":31},"end":{"line":455,"column":59}}},"fnMap":{"0":{"name":"RoomsTable","decl":{"start":{"line":124,"column":24},"end":{"line":124,"column":34}},"loc":{"start":{"line":124,"column":37},"end":{"line":469,"column":1}},"line":124},"1":{"name":"(anonymous_1)","decl":{"start":{"line":139,"column":22},"end":{"line":139,"column":23}},"loc":{"start":{"line":139,"column":28},"end":{"line":160,"column":5}},"line":139},"2":{"name":"(anonymous_2)","decl":{"start":{"line":143,"column":48},"end":{"line":143,"column":49}},"loc":{"start":{"line":143,"column":55},"end":{"line":143,"column":74}},"line":143},"3":{"name":"(anonymous_3)","decl":{"start":{"line":162,"column":34},"end":{"line":162,"column":35}},"loc":{"start":{"line":162,"column":49},"end":{"line":175,"column":5}},"line":162},"4":{"name":"(anonymous_4)","decl":{"start":{"line":177,"column":18},"end":{"line":177,"column":19}},"loc":{"start":{"line":177,"column":24},"end":{"line":185,"column":5}},"line":177},"5":{"name":"(anonymous_5)","decl":{"start":{"line":187,"column":28},"end":{"line":187,"column":29}},"loc":{"start":{"line":187,"column":34},"end":{"line":195,"column":5}},"line":187},"6":{"name":"(anonymous_6)","decl":{"start":{"line":197,"column":25},"end":{"line":197,"column":26}},"loc":{"start":{"line":197,"column":44},"end":{"line":224,"column":5}},"line":197},"7":{"name":"(anonymous_7)","decl":{"start":{"line":204,"column":31},"end":{"line":204,"column":32}},"loc":{"start":{"line":204,"column":38},"end":{"line":221,"column":13}},"line":204},"8":{"name":"(anonymous_8)","decl":{"start":{"line":226,"column":20},"end":{"line":226,"column":21}},"loc":{"start":{"line":226,"column":26},"end":{"line":230,"column":5}},"line":226},"9":{"name":"(anonymous_9)","decl":{"start":{"line":232,"column":30},"end":{"line":232,"column":31}},"loc":{"start":{"line":232,"column":36},"end":{"line":291,"column":5}},"line":232},"10":{"name":"(anonymous_10)","decl":{"start":{"line":240,"column":66},"end":{"line":240,"column":67}},"loc":{"start":{"line":240,"column":76},"end":{"line":250,"column":17}},"line":240},"11":{"name":"(anonymous_11)","decl":{"start":{"line":252,"column":60},"end":{"line":252,"column":61}},"loc":{"start":{"line":252,"column":70},"end":{"line":252,"column":99}},"line":252},"12":{"name":"(anonymous_12)","decl":{"start":{"line":254,"column":57},"end":{"line":254,"column":58}},"loc":{"start":{"line":254,"column":70},"end":{"line":258,"column":17}},"line":254},"13":{"name":"(anonymous_13)","decl":{"start":{"line":262,"column":66},"end":{"line":262,"column":67}},"loc":{"start":{"line":262,"column":76},"end":{"line":272,"column":17}},"line":262},"14":{"name":"(anonymous_14)","decl":{"start":{"line":274,"column":60},"end":{"line":274,"column":61}},"loc":{"start":{"line":274,"column":70},"end":{"line":274,"column":106}},"line":274},"15":{"name":"(anonymous_15)","decl":{"start":{"line":277,"column":63},"end":{"line":277,"column":64}},"loc":{"start":{"line":277,"column":73},"end":{"line":277,"column":105}},"line":277},"16":{"name":"(anonymous_16)","decl":{"start":{"line":279,"column":66},"end":{"line":279,"column":67}},"loc":{"start":{"line":279,"column":79},"end":{"line":283,"column":17}},"line":279},"17":{"name":"(anonymous_17)","decl":{"start":{"line":300,"column":30},"end":{"line":300,"column":31}},"loc":{"start":{"line":300,"column":40},"end":{"line":300,"column":74}},"line":300},"18":{"name":"(anonymous_18)","decl":{"start":{"line":312,"column":34},"end":{"line":312,"column":35}},"loc":{"start":{"line":312,"column":45},"end":{"line":312,"column":81}},"line":312},"19":{"name":"(anonymous_19)","decl":{"start":{"line":314,"column":49},"end":{"line":314,"column":50}},"loc":{"start":{"line":314,"column":65},"end":{"line":320,"column":25}},"line":314},"20":{"name":"(anonymous_20)","decl":{"start":{"line":330,"column":34},"end":{"line":330,"column":35}},"loc":{"start":{"line":330,"column":45},"end":{"line":330,"column":72}},"line":330},"21":{"name":"(anonymous_21)","decl":{"start":{"line":332,"column":52},"end":{"line":332,"column":53}},"loc":{"start":{"line":332,"column":66},"end":{"line":338,"column":25}},"line":332},"22":{"name":"(anonymous_22)","decl":{"start":{"line":348,"column":34},"end":{"line":348,"column":35}},"loc":{"start":{"line":348,"column":45},"end":{"line":350,"column":25}},"line":348},"23":{"name":"(anonymous_23)","decl":{"start":{"line":359,"column":38},"end":{"line":359,"column":39}},"loc":{"start":{"line":359,"column":49},"end":{"line":361,"column":29}},"line":359},"24":{"name":"(anonymous_24)","decl":{"start":{"line":363,"column":47},"end":{"line":363,"column":48}},"loc":{"start":{"line":364,"column":32},"end":{"line":366,"column":43}},"line":364},"25":{"name":"(anonymous_25)","decl":{"start":{"line":380,"column":33},"end":{"line":380,"column":34}},"loc":{"start":{"line":380,"column":52},"end":{"line":407,"column":21}},"line":380},"26":{"name":"(anonymous_26)","decl":{"start":{"line":387,"column":45},"end":{"line":387,"column":46}},"loc":{"start":{"line":387,"column":52},"end":{"line":387,"column":71}},"line":387},"27":{"name":"(anonymous_27)","decl":{"start":{"line":399,"column":49},"end":{"line":399,"column":50}},"loc":{"start":{"line":399,"column":56},"end":{"line":399,"column":75}},"line":399},"28":{"name":"(anonymous_28)","decl":{"start":{"line":415,"column":30},"end":{"line":415,"column":31}},"loc":{"start":{"line":415,"column":40},"end":{"line":415,"column":90}},"line":415},"29":{"name":"(anonymous_29)","decl":{"start":{"line":425,"column":30},"end":{"line":425,"column":31}},"loc":{"start":{"line":425,"column":41},"end":{"line":425,"column":73}},"line":425},"30":{"name":"(anonymous_30)","decl":{"start":{"line":433,"column":30},"end":{"line":433,"column":31}},"loc":{"start":{"line":433,"column":41},"end":{"line":433,"column":71}},"line":433},"31":{"name":"(anonymous_31)","decl":{"start":{"line":443,"column":30},"end":{"line":443,"column":31}},"loc":{"start":{"line":443,"column":41},"end":{"line":443,"column":76}},"line":443},"32":{"name":"(anonymous_32)","decl":{"start":{"line":455,"column":23},"end":{"line":455,"column":24}},"loc":{"start":{"line":455,"column":31},"end":{"line":455,"column":59}},"line":455}},"branchMap":{"0":{"loc":{"start":{"line":152,"column":12},"end":{"line":154,"column":55}},"type":"cond-expr","locations":[{"start":{"line":153,"column":18},"end":{"line":153,"column":57}},{"start":{"line":154,"column":18},"end":{"line":154,"column":55}}],"line":152},"1":{"loc":{"start":{"line":163,"column":8},"end":{"line":174,"column":9}},"type":"if","locations":[{"start":{"line":163,"column":8},"end":{"line":174,"column":9}},{"start":{"line":165,"column":15},"end":{"line":174,"column":9}}],"line":163},"2":{"loc":{"start":{"line":165,"column":15},"end":{"line":174,"column":9}},"type":"if","locations":[{"start":{"line":165,"column":15},"end":{"line":174,"column":9}},{"start":{"line":168,"column":15},"end":{"line":174,"column":9}}],"line":165},"3":{"loc":{"start":{"line":165,"column":19},"end":{"line":165,"column":73}},"type":"binary-expr","locations":[{"start":{"line":165,"column":19},"end":{"line":165,"column":41}},{"start":{"line":165,"column":45},"end":{"line":165,"column":73}}],"line":165},"4":{"loc":{"start":{"line":171,"column":12},"end":{"line":173,"column":84}},"type":"cond-expr","locations":[{"start":{"line":172,"column":18},"end":{"line":172,"column":87}},{"start":{"line":173,"column":18},"end":{"line":173,"column":84}}],"line":171},"5":{"loc":{"start":{"line":198,"column":8},"end":{"line":223,"column":9}},"type":"if","locations":[{"start":{"line":198,"column":8},"end":{"line":223,"column":9}},{"start":{"line":200,"column":15},"end":{"line":223,"column":9}}],"line":198},"6":{"loc":{"start":{"line":206,"column":20},"end":{"line":208,"column":74}},"type":"cond-expr","locations":[{"start":{"line":207,"column":26},"end":{"line":207,"column":67}},{"start":{"line":208,"column":26},"end":{"line":208,"column":74}}],"line":206},"7":{"loc":{"start":{"line":209,"column":16},"end":{"line":220,"column":17}},"type":"if","locations":[{"start":{"line":209,"column":16},"end":{"line":220,"column":17}},{"start":{"line":211,"column":23},"end":{"line":220,"column":17}}],"line":209},"8":{"loc":{"start":{"line":211,"column":23},"end":{"line":220,"column":17}},"type":"if","locations":[{"start":{"line":211,"column":23},"end":{"line":220,"column":17}},{"start":{"line":214,"column":23},"end":{"line":220,"column":17}}],"line":211},"9":{"loc":{"start":{"line":211,"column":27},"end":{"line":211,"column":78}},"type":"binary-expr","locations":[{"start":{"line":211,"column":27},"end":{"line":211,"column":43}},{"start":{"line":211,"column":47},"end":{"line":211,"column":78}}],"line":211},"10":{"loc":{"start":{"line":217,"column":20},"end":{"line":219,"column":95}},"type":"cond-expr","locations":[{"start":{"line":218,"column":27},"end":{"line":218,"column":97}},{"start":{"line":219,"column":27},"end":{"line":219,"column":94}}],"line":217},"11":{"loc":{"start":{"line":227,"column":8},"end":{"line":229,"column":9}},"type":"if","locations":[{"start":{"line":227,"column":8},"end":{"line":229,"column":9}},{"start":{},"end":{}}],"line":227},"12":{"loc":{"start":{"line":233,"column":8},"end":{"line":290,"column":9}},"type":"if","locations":[{"start":{"line":233,"column":8},"end":{"line":290,"column":9}},{"start":{},"end":{}}],"line":233},"13":{"loc":{"start":{"line":233,"column":12},"end":{"line":233,"column":48}},"type":"binary-expr","locations":[{"start":{"line":233,"column":12},"end":{"line":233,"column":21}},{"start":{"line":233,"column":25},"end":{"line":233,"column":32}},{"start":{"line":233,"column":36},"end":{"line":233,"column":48}}],"line":233},"14":{"loc":{"start":{"line":234,"column":39},"end":{"line":234,"column":94}},"type":"cond-expr","locations":[{"start":{"line":234,"column":65},"end":{"line":234,"column":82}},{"start":{"line":234,"column":85},"end":{"line":234,"column":94}}],"line":234},"15":{"loc":{"start":{"line":235,"column":37},"end":{"line":235,"column":86}},"type":"cond-expr","locations":[{"start":{"line":235,"column":61},"end":{"line":235,"column":76}},{"start":{"line":235,"column":79},"end":{"line":235,"column":86}}],"line":235},"16":{"loc":{"start":{"line":239,"column":12},"end":{"line":289,"column":13}},"type":"if","locations":[{"start":{"line":239,"column":12},"end":{"line":289,"column":13}},{"start":{"line":261,"column":19},"end":{"line":289,"column":13}}],"line":239},"17":{"loc":{"start":{"line":246,"column":24},"end":{"line":248,"column":50}},"type":"binary-expr","locations":[{"start":{"line":246,"column":24},"end":{"line":246,"column":59}},{"start":{"line":247,"column":24},"end":{"line":247,"column":55}},{"start":{"line":248,"column":24},"end":{"line":248,"column":50}}],"line":246},"18":{"loc":{"start":{"line":261,"column":19},"end":{"line":289,"column":13}},"type":"if","locations":[{"start":{"line":261,"column":19},"end":{"line":289,"column":13}},{"start":{},"end":{}}],"line":261},"19":{"loc":{"start":{"line":268,"column":24},"end":{"line":270,"column":50}},"type":"binary-expr","locations":[{"start":{"line":268,"column":24},"end":{"line":268,"column":59}},{"start":{"line":269,"column":24},"end":{"line":269,"column":55}},{"start":{"line":270,"column":24},"end":{"line":270,"column":50}}],"line":268},"20":{"loc":{"start":{"line":300,"column":57},"end":{"line":300,"column":73}},"type":"cond-expr","locations":[{"start":{"line":300,"column":61},"end":{"line":300,"column":66}},{"start":{"line":300,"column":69},"end":{"line":300,"column":73}}],"line":300},"21":{"loc":{"start":{"line":341,"column":17},"end":{"line":370,"column":17}},"type":"cond-expr","locations":[{"start":{"line":342,"column":20},"end":{"line":351,"column":22}},{"start":{"line":353,"column":20},"end":{"line":369,"column":34}}],"line":341},"22":{"loc":{"start":{"line":378,"column":13},"end":{"line":409,"column":13}},"type":"binary-expr","locations":[{"start":{"line":378,"column":13},"end":{"line":378,"column":20}},{"start":{"line":378,"column":24},"end":{"line":378,"column":42}},{"start":{"line":379,"column":16},"end":{"line":408,"column":24}}],"line":378},"23":{"loc":{"start":{"line":381,"column":24},"end":{"line":406,"column":25}},"type":"if","locations":[{"start":{"line":381,"column":24},"end":{"line":406,"column":25}},{"start":{"line":392,"column":31},"end":{"line":406,"column":25}}],"line":381},"24":{"loc":{"start":{"line":395,"column":37},"end":{"line":395,"column":69}},"type":"cond-expr","locations":[{"start":{"line":395,"column":52},"end":{"line":395,"column":64}},{"start":{"line":395,"column":67},"end":{"line":395,"column":69}}],"line":395},"25":{"loc":{"start":{"line":415,"column":61},"end":{"line":415,"column":89}},"type":"cond-expr","locations":[{"start":{"line":415,"column":65},"end":{"line":415,"column":77}},{"start":{"line":415,"column":80},"end":{"line":415,"column":89}}],"line":415}},"s":{"0":0,"1":0,"2":0,"3":0,"4":0,"5":0,"6":0,"7":0,"8":0,"9":0,"10":0,"11":0,"12":0,"13":0,"14":0,"15":0,"16":0,"17":0,"18":0,"19":0,"20":0,"21":0,"22":0,"23":0,"24":0,"25":0,"26":0,"27":0,"28":0,"29":0,"30":0,"31":0,"32":0,"33":0,"34":0,"35":0,"36":0,"37":0,"38":0,"39":0,"40":0,"41":0,"42":0,"43":0,"44":0,"45":0,"46":0,"47":0,"48":0,"49":0,"50":0,"51":0,"52":0,"53":0,"54":0,"55":0,"56":0,"57":0,"58":0,"59":0,"60":0,"61":0,"62":0,"63":0,"64":0,"65":0,"66":0,"67":0,"68":0,"69":0,"70":0,"71":0,"72":0,"73":0,"74":0,"75":0,"76":0,"77":0,"78":0,"79":0,"80":0,"81":0,"82":0,"83":0,"84":0,"85":0,"86":0,"87":0,"88":0,"89":0,"90":0,"91":0,"92":0,"93":0,"94":0,"95":0,"96":0,"97":0,"98":0,"99":0,"100":0,"101":0,"102":0,"103":0,"104":0,"105":0,"106":0,"107":0,"108":0,"109":0,"110":0,"111":0,"112":0,"113":0,"114":0,"115":0,"116":0},"f":{"0":0,"1":0,"2":0,"3":0,"4":0,"5":0,"6":0,"7":0,"8":0,"9":0,"10":0,"11":0,"12":0,"13":0,"14":0,"15":0,"16":0,"17":0,"18":0,"19":0,"20":0,"21":0,"22":0,"23":0,"24":0,"25":0,"26":0,"27":0,"28":0,"29":0,"30":0,"31":0,"32":0},"b":{"0":[0,0],"1":[0,0],"2":[0,0],"3":[0,0],"4":[0,0],"5":[0,0],"6":[0,0],"7":[0,0],"8":[0,0],"9":[0,0],"10":[0,0],"11":[0,0],"12":[0,0],"13":[0,0,0],"14":[0,0],"15":[0,0],"16":[0,0],"17":[0,0,0],"18":[0,0],"19":[0,0,0],"20":[0,0],"21":[0,0],"22":[0,0,0],"23":[0,0],"24":[0,0],"25":[0,0]}}
,"C:\\Users\\MasterAdmin\\Documents\\GitHub\\ES-2024-EI-Grupo-G\\src\\ScheduleTable.js": {"path":"C:\\Users\\MasterAdmin\\Documents\\GitHub\\ES-2024-EI-Grupo-G\\src\\ScheduleTable.js","statementMap":{"0":{"start":{"line":36,"column":23},"end":{"line":223,"column":1}},"1":{"start":{"line":40,"column":12},"end":{"line":40,"column":102}},"2":{"start":{"line":111,"column":12},"end":{"line":111,"column":37}},"3":{"start":{"line":166,"column":12},"end":{"line":170,"column":13}},"4":{"start":{"line":167,"column":16},"end":{"line":167,"column":28}},"5":{"start":{"line":169,"column":16},"end":{"line":169,"column":27}},"6":{"start":{"line":173,"column":12},"end":{"line":177,"column":13}},"7":{"start":{"line":174,"column":16},"end":{"line":174,"column":50}},"8":{"start":{"line":176,"column":16},"end":{"line":176,"column":28}},"9":{"start":{"line":192,"column":12},"end":{"line":196,"column":13}},"10":{"start":{"line":193,"column":16},"end":{"line":193,"column":28}},"11":{"start":{"line":195,"column":16},"end":{"line":195,"column":27}},"12":{"start":{"line":199,"column":12},"end":{"line":203,"column":13}},"13":{"start":{"line":200,"column":16},"end":{"line":200,"column":50}},"14":{"start":{"line":202,"column":16},"end":{"line":202,"column":28}},"15":{"start":{"line":236,"column":24},"end":{"line":236,"column":50}},"16":{"start":{"line":237,"column":42},"end":{"line":237,"column":91}},"17":{"start":{"line":238,"column":22},"end":{"line":238,"column":52}},"18":{"start":{"line":239,"column":21},"end":{"line":239,"column":39}},"19":{"start":{"line":240,"column":20},"end":{"line":240,"column":54}},"20":{"start":{"line":242,"column":4},"end":{"line":284,"column":5}},"21":{"start":{"line":247,"column":31},"end":{"line":247,"column":59}},"22":{"start":{"line":260,"column":42},"end":{"line":260,"column":69}},"23":{"start":{"line":261,"column":24},"end":{"line":263,"column":25}},"24":{"start":{"line":262,"column":28},"end":{"line":262,"column":50}},"25":{"start":{"line":271,"column":35},"end":{"line":271,"column":114}},"26":{"start":{"line":278,"column":35},"end":{"line":278,"column":85}}},"fnMap":{"0":{"name":"(anonymous_0)","decl":{"start":{"line":39,"column":19},"end":{"line":39,"column":20}},"loc":{"start":{"line":39,"column":58},"end":{"line":41,"column":9}},"line":39},"1":{"name":"(anonymous_1)","decl":{"start":{"line":110,"column":16},"end":{"line":110,"column":17}},"loc":{"start":{"line":110,"column":32},"end":{"line":112,"column":9}},"line":110},"2":{"name":"(anonymous_2)","decl":{"start":{"line":165,"column":19},"end":{"line":165,"column":20}},"loc":{"start":{"line":165,"column":42},"end":{"line":171,"column":9}},"line":165},"3":{"name":"(anonymous_3)","decl":{"start":{"line":172,"column":17},"end":{"line":172,"column":18}},"loc":{"start":{"line":172,"column":65},"end":{"line":178,"column":9}},"line":172},"4":{"name":"(anonymous_4)","decl":{"start":{"line":191,"column":19},"end":{"line":191,"column":20}},"loc":{"start":{"line":191,"column":42},"end":{"line":197,"column":9}},"line":191},"5":{"name":"(anonymous_5)","decl":{"start":{"line":198,"column":17},"end":{"line":198,"column":18}},"loc":{"start":{"line":198,"column":65},"end":{"line":204,"column":9}},"line":198},"6":{"name":"ScheduleTable","decl":{"start":{"line":235,"column":24},"end":{"line":235,"column":37}},"loc":{"start":{"line":235,"column":40},"end":{"line":285,"column":1}},"line":235},"7":{"name":"(anonymous_7)","decl":{"start":{"line":247,"column":23},"end":{"line":247,"column":24}},"loc":{"start":{"line":247,"column":31},"end":{"line":247,"column":59}},"line":247},"8":{"name":"(anonymous_8)","decl":{"start":{"line":259,"column":30},"end":{"line":259,"column":31}},"loc":{"start":{"line":259,"column":42},"end":{"line":264,"column":21}},"line":259},"9":{"name":"(anonymous_9)","decl":{"start":{"line":271,"column":29},"end":{"line":271,"column":30}},"loc":{"start":{"line":271,"column":35},"end":{"line":271,"column":114}},"line":271},"10":{"name":"(anonymous_10)","decl":{"start":{"line":278,"column":29},"end":{"line":278,"column":30}},"loc":{"start":{"line":278,"column":35},"end":{"line":278,"column":85}},"line":278}},"branchMap":{"0":{"loc":{"start":{"line":166,"column":12},"end":{"line":170,"column":13}},"type":"if","locations":[{"start":{"line":166,"column":12},"end":{"line":170,"column":13}},{"start":{"line":168,"column":19},"end":{"line":170,"column":13}}],"line":166},"1":{"loc":{"start":{"line":166,"column":16},"end":{"line":166,"column":68}},"type":"binary-expr","locations":[{"start":{"line":166,"column":16},"end":{"line":166,"column":35}},{"start":{"line":166,"column":39},"end":{"line":166,"column":68}}],"line":166},"2":{"loc":{"start":{"line":173,"column":12},"end":{"line":177,"column":13}},"type":"if","locations":[{"start":{"line":173,"column":12},"end":{"line":177,"column":13}},{"start":{"line":175,"column":19},"end":{"line":177,"column":13}}],"line":173},"3":{"loc":{"start":{"line":173,"column":16},"end":{"line":173,"column":54}},"type":"binary-expr","locations":[{"start":{"line":173,"column":16},"end":{"line":173,"column":35}},{"start":{"line":173,"column":39},"end":{"line":173,"column":54}}],"line":173},"4":{"loc":{"start":{"line":192,"column":12},"end":{"line":196,"column":13}},"type":"if","locations":[{"start":{"line":192,"column":12},"end":{"line":196,"column":13}},{"start":{"line":194,"column":19},"end":{"line":196,"column":13}}],"line":192},"5":{"loc":{"start":{"line":192,"column":16},"end":{"line":192,"column":68}},"type":"binary-expr","locations":[{"start":{"line":192,"column":16},"end":{"line":192,"column":35}},{"start":{"line":192,"column":39},"end":{"line":192,"column":68}}],"line":192},"6":{"loc":{"start":{"line":199,"column":12},"end":{"line":203,"column":13}},"type":"if","locations":[{"start":{"line":199,"column":12},"end":{"line":203,"column":13}},{"start":{"line":201,"column":19},"end":{"line":203,"column":13}}],"line":199},"7":{"loc":{"start":{"line":199,"column":16},"end":{"line":199,"column":54}},"type":"binary-expr","locations":[{"start":{"line":199,"column":16},"end":{"line":199,"column":35}},{"start":{"line":199,"column":39},"end":{"line":199,"column":54}}],"line":199},"8":{"loc":{"start":{"line":261,"column":24},"end":{"line":263,"column":25}},"type":"if","locations":[{"start":{"line":261,"column":24},"end":{"line":263,"column":25}},{"start":{},"end":{}}],"line":261}},"s":{"0":0,"1":0,"2":0,"3":0,"4":0,"5":0,"6":0,"7":0,"8":0,"9":0,"10":0,"11":0,"12":0,"13":0,"14":0,"15":0,"16":0,"17":0,"18":0,"19":0,"20":0,"21":0,"22":0,"23":0,"24":0,"25":0,"26":0},"f":{"0":0,"1":0,"2":0,"3":0,"4":0,"5":0,"6":0,"7":0,"8":0,"9":0,"10":0},"b":{"0":[0,0],"1":[0,0],"2":[0,0],"3":[0,0],"4":[0,0],"5":[0,0],"6":[0,0],"7":[0,0],"8":[0,0]}}
,"C:\\Users\\MasterAdmin\\Documents\\GitHub\\ES-2024-EI-Grupo-G\\src\\ScheduleTableFilter.js": {"path":"C:\\Users\\MasterAdmin\\Documents\\GitHub\\ES-2024-EI-Grupo-G\\src\\ScheduleTableFilter.js","statementMap":{"0":{"start":{"line":16,"column":38},"end":{"line":16,"column":97}},"1":{"start":{"line":18,"column":28},"end":{"line":32,"column":1}},"2":{"start":{"line":35,"column":46},"end":{"line":35,"column":64}},"3":{"start":{"line":36,"column":30},"end":{"line":36,"column":48}},"4":{"start":{"line":37,"column":46},"end":{"line":37,"column":67}},"5":{"start":{"line":38,"column":28},"end":{"line":38,"column":47}},"6":{"start":{"line":39,"column":34},"end":{"line":39,"column":52}},"7":{"start":{"line":40,"column":50},"end":{"line":40,"column":68}},"8":{"start":{"line":42,"column":22},"end":{"line":59,"column":5}},"9":{"start":{"line":43,"column":8},"end":{"line":52,"column":10}},"10":{"start":{"line":53,"column":26},"end":{"line":53,"column":63}},"11":{"start":{"line":54,"column":8},"end":{"line":54,"column":48}},"12":{"start":{"line":55,"column":8},"end":{"line":55,"column":40}},"13":{"start":{"line":56,"column":8},"end":{"line":56,"column":28}},"14":{"start":{"line":57,"column":8},"end":{"line":57,"column":20}},"15":{"start":{"line":58,"column":8},"end":{"line":58,"column":20}},"16":{"start":{"line":61,"column":34},"end":{"line":74,"column":5}},"17":{"start":{"line":62,"column":8},"end":{"line":73,"column":9}},"18":{"start":{"line":63,"column":12},"end":{"line":63,"column":63}},"19":{"start":{"line":64,"column":15},"end":{"line":73,"column":9}},"20":{"start":{"line":66,"column":12},"end":{"line":66,"column":43}},"21":{"start":{"line":68,"column":35},"end":{"line":68,"column":78}},"22":{"start":{"line":69,"column":33},"end":{"line":69,"column":61}},"23":{"start":{"line":70,"column":12},"end":{"line":72,"column":84}},"24":{"start":{"line":76,"column":18},"end":{"line":84,"column":5}},"25":{"start":{"line":77,"column":8},"end":{"line":77,"column":39}},"26":{"start":{"line":78,"column":8},"end":{"line":78,"column":22}},"27":{"start":{"line":79,"column":8},"end":{"line":79,"column":31}},"28":{"start":{"line":80,"column":8},"end":{"line":80,"column":20}},"29":{"start":{"line":81,"column":8},"end":{"line":81,"column":20}},"30":{"start":{"line":82,"column":8},"end":{"line":82,"column":28}},"31":{"start":{"line":83,"column":8},"end":{"line":83,"column":30}},"32":{"start":{"line":86,"column":25},"end":{"line":110,"column":5}},"33":{"start":{"line":87,"column":8},"end":{"line":109,"column":9}},"34":{"start":{"line":88,"column":12},"end":{"line":88,"column":19}},"35":{"start":{"line":90,"column":31},"end":{"line":90,"column":104}},"36":{"start":{"line":91,"column":12},"end":{"line":91,"column":34}},"37":{"start":{"line":92,"column":37},"end":{"line":92,"column":39}},"38":{"start":{"line":93,"column":12},"end":{"line":107,"column":14}},"39":{"start":{"line":94,"column":34},"end":{"line":94,"column":82}},"40":{"start":{"line":95,"column":16},"end":{"line":106,"column":17}},"41":{"start":{"line":96,"column":20},"end":{"line":96,"column":75}},"42":{"start":{"line":97,"column":23},"end":{"line":106,"column":17}},"43":{"start":{"line":99,"column":20},"end":{"line":99,"column":52}},"44":{"start":{"line":101,"column":43},"end":{"line":101,"column":92}},"45":{"start":{"line":102,"column":41},"end":{"line":102,"column":72}},"46":{"start":{"line":103,"column":20},"end":{"line":105,"column":95}},"47":{"start":{"line":108,"column":12},"end":{"line":108,"column":50}},"48":{"start":{"line":112,"column":4},"end":{"line":116,"column":35}},"49":{"start":{"line":113,"column":8},"end":{"line":115,"column":9}},"50":{"start":{"line":114,"column":12},"end":{"line":114,"column":56}},"51":{"start":{"line":118,"column":4},"end":{"line":216,"column":5}},"52":{"start":{"line":125,"column":40},"end":{"line":125,"column":74}},"53":{"start":{"line":137,"column":45},"end":{"line":137,"column":81}},"54":{"start":{"line":140,"column":28},"end":{"line":144,"column":29}},"55":{"start":{"line":155,"column":45},"end":{"line":155,"column":72}},"56":{"start":{"line":158,"column":28},"end":{"line":162,"column":29}},"57":{"start":{"line":173,"column":24},"end":{"line":173,"column":52}},"58":{"start":{"line":186,"column":24},"end":{"line":211,"column":25}},"59":{"start":{"line":187,"column":28},"end":{"line":196,"column":29}},"60":{"start":{"line":192,"column":52},"end":{"line":192,"column":71}},"61":{"start":{"line":198,"column":28},"end":{"line":210,"column":29}},"62":{"start":{"line":204,"column":56},"end":{"line":204,"column":75}}},"fnMap":{"0":{"name":"MultipleSelectCheckmarks","decl":{"start":{"line":34,"column":24},"end":{"line":34,"column":48}},"loc":{"start":{"line":34,"column":63},"end":{"line":217,"column":1}},"line":34},"1":{"name":"(anonymous_1)","decl":{"start":{"line":42,"column":22},"end":{"line":42,"column":23}},"loc":{"start":{"line":42,"column":28},"end":{"line":59,"column":5}},"line":42},"2":{"name":"(anonymous_2)","decl":{"start":{"line":61,"column":34},"end":{"line":61,"column":35}},"loc":{"start":{"line":61,"column":49},"end":{"line":74,"column":5}},"line":61},"3":{"name":"(anonymous_3)","decl":{"start":{"line":76,"column":18},"end":{"line":76,"column":19}},"loc":{"start":{"line":76,"column":24},"end":{"line":84,"column":5}},"line":76},"4":{"name":"(anonymous_4)","decl":{"start":{"line":86,"column":25},"end":{"line":86,"column":26}},"loc":{"start":{"line":86,"column":44},"end":{"line":110,"column":5}},"line":86},"5":{"name":"(anonymous_5)","decl":{"start":{"line":93,"column":31},"end":{"line":93,"column":32}},"loc":{"start":{"line":93,"column":38},"end":{"line":107,"column":13}},"line":93},"6":{"name":"(anonymous_6)","decl":{"start":{"line":112,"column":20},"end":{"line":112,"column":21}},"loc":{"start":{"line":112,"column":26},"end":{"line":116,"column":5}},"line":112},"7":{"name":"(anonymous_7)","decl":{"start":{"line":125,"column":30},"end":{"line":125,"column":31}},"loc":{"start":{"line":125,"column":40},"end":{"line":125,"column":74}},"line":125},"8":{"name":"(anonymous_8)","decl":{"start":{"line":137,"column":34},"end":{"line":137,"column":35}},"loc":{"start":{"line":137,"column":45},"end":{"line":137,"column":81}},"line":137},"9":{"name":"(anonymous_9)","decl":{"start":{"line":139,"column":49},"end":{"line":139,"column":50}},"loc":{"start":{"line":139,"column":58},"end":{"line":145,"column":25}},"line":139},"10":{"name":"(anonymous_10)","decl":{"start":{"line":155,"column":34},"end":{"line":155,"column":35}},"loc":{"start":{"line":155,"column":45},"end":{"line":155,"column":72}},"line":155},"11":{"name":"(anonymous_11)","decl":{"start":{"line":157,"column":59},"end":{"line":157,"column":60}},"loc":{"start":{"line":157,"column":73},"end":{"line":163,"column":25}},"line":157},"12":{"name":"(anonymous_12)","decl":{"start":{"line":172,"column":30},"end":{"line":172,"column":31}},"loc":{"start":{"line":172,"column":41},"end":{"line":174,"column":21}},"line":172},"13":{"name":"(anonymous_13)","decl":{"start":{"line":185,"column":33},"end":{"line":185,"column":34}},"loc":{"start":{"line":185,"column":52},"end":{"line":212,"column":21}},"line":185},"14":{"name":"(anonymous_14)","decl":{"start":{"line":192,"column":45},"end":{"line":192,"column":46}},"loc":{"start":{"line":192,"column":52},"end":{"line":192,"column":71}},"line":192},"15":{"name":"(anonymous_15)","decl":{"start":{"line":204,"column":49},"end":{"line":204,"column":50}},"loc":{"start":{"line":204,"column":56},"end":{"line":204,"column":75}},"line":204}},"branchMap":{"0":{"loc":{"start":{"line":62,"column":8},"end":{"line":73,"column":9}},"type":"if","locations":[{"start":{"line":62,"column":8},"end":{"line":73,"column":9}},{"start":{"line":64,"column":15},"end":{"line":73,"column":9}}],"line":62},"1":{"loc":{"start":{"line":64,"column":15},"end":{"line":73,"column":9}},"type":"if","locations":[{"start":{"line":64,"column":15},"end":{"line":73,"column":9}},{"start":{"line":67,"column":15},"end":{"line":73,"column":9}}],"line":64},"2":{"loc":{"start":{"line":64,"column":19},"end":{"line":64,"column":73}},"type":"binary-expr","locations":[{"start":{"line":64,"column":19},"end":{"line":64,"column":41}},{"start":{"line":64,"column":45},"end":{"line":64,"column":73}}],"line":64},"3":{"loc":{"start":{"line":70,"column":12},"end":{"line":72,"column":84}},"type":"cond-expr","locations":[{"start":{"line":71,"column":18},"end":{"line":71,"column":87}},{"start":{"line":72,"column":18},"end":{"line":72,"column":84}}],"line":70},"4":{"loc":{"start":{"line":87,"column":8},"end":{"line":109,"column":9}},"type":"if","locations":[{"start":{"line":87,"column":8},"end":{"line":109,"column":9}},{"start":{"line":89,"column":15},"end":{"line":109,"column":9}}],"line":87},"5":{"loc":{"start":{"line":95,"column":16},"end":{"line":106,"column":17}},"type":"if","locations":[{"start":{"line":95,"column":16},"end":{"line":106,"column":17}},{"start":{"line":97,"column":23},"end":{"line":106,"column":17}}],"line":95},"6":{"loc":{"start":{"line":97,"column":23},"end":{"line":106,"column":17}},"type":"if","locations":[{"start":{"line":97,"column":23},"end":{"line":106,"column":17}},{"start":{"line":100,"column":23},"end":{"line":106,"column":17}}],"line":97},"7":{"loc":{"start":{"line":97,"column":27},"end":{"line":97,"column":78}},"type":"binary-expr","locations":[{"start":{"line":97,"column":27},"end":{"line":97,"column":43}},{"start":{"line":97,"column":47},"end":{"line":97,"column":78}}],"line":97},"8":{"loc":{"start":{"line":103,"column":20},"end":{"line":105,"column":95}},"type":"cond-expr","locations":[{"start":{"line":104,"column":27},"end":{"line":104,"column":97}},{"start":{"line":105,"column":27},"end":{"line":105,"column":94}}],"line":103},"9":{"loc":{"start":{"line":113,"column":8},"end":{"line":115,"column":9}},"type":"if","locations":[{"start":{"line":113,"column":8},"end":{"line":115,"column":9}},{"start":{},"end":{}}],"line":113},"10":{"loc":{"start":{"line":125,"column":57},"end":{"line":125,"column":73}},"type":"cond-expr","locations":[{"start":{"line":125,"column":61},"end":{"line":125,"column":66}},{"start":{"line":125,"column":69},"end":{"line":125,"column":73}}],"line":125},"11":{"loc":{"start":{"line":183,"column":13},"end":{"line":214,"column":13}},"type":"binary-expr","locations":[{"start":{"line":183,"column":13},"end":{"line":183,"column":20}},{"start":{"line":183,"column":24},"end":{"line":183,"column":42}},{"start":{"line":184,"column":16},"end":{"line":213,"column":24}}],"line":183},"12":{"loc":{"start":{"line":186,"column":24},"end":{"line":211,"column":25}},"type":"if","locations":[{"start":{"line":186,"column":24},"end":{"line":211,"column":25}},{"start":{"line":197,"column":31},"end":{"line":211,"column":25}}],"line":186},"13":{"loc":{"start":{"line":200,"column":37},"end":{"line":200,"column":69}},"type":"cond-expr","locations":[{"start":{"line":200,"column":52},"end":{"line":200,"column":64}},{"start":{"line":200,"column":67},"end":{"line":200,"column":69}}],"line":200}},"s":{"0":0,"1":0,"2":0,"3":0,"4":0,"5":0,"6":0,"7":0,"8":0,"9":0,"10":0,"11":0,"12":0,"13":0,"14":0,"15":0,"16":0,"17":0,"18":0,"19":0,"20":0,"21":0,"22":0,"23":0,"24":0,"25":0,"26":0,"27":0,"28":0,"29":0,"30":0,"31":0,"32":0,"33":0,"34":0,"35":0,"36":0,"37":0,"38":0,"39":0,"40":0,"41":0,"42":0,"43":0,"44":0,"45":0,"46":0,"47":0,"48":0,"49":0,"50":0,"51":0,"52":0,"53":0,"54":0,"55":0,"56":0,"57":0,"58":0,"59":0,"60":0,"61":0,"62":0},"f":{"0":0,"1":0,"2":0,"3":0,"4":0,"5":0,"6":0,"7":0,"8":0,"9":0,"10":0,"11":0,"12":0,"13":0,"14":0,"15":0},"b":{"0":[0,0],"1":[0,0],"2":[0,0],"3":[0,0],"4":[0,0],"5":[0,0],"6":[0,0],"7":[0,0],"8":[0,0],"9":[0,0],"10":[0,0],"11":[0,0,0],"12":[0,0],"13":[0,0]}}
,"C:\\Users\\MasterAdmin\\Documents\\GitHub\\ES-2024-EI-Grupo-G\\src\\constants.js": {"path":"C:\\Users\\MasterAdmin\\Documents\\GitHub\\ES-2024-EI-Grupo-G\\src\\constants.js","statementMap":{"0":{"start":{"line":4,"column":30},"end":{"line":14,"column":1}},"1":{"start":{"line":19,"column":24},"end":{"line":19,"column":83}},"2":{"start":{"line":24,"column":27},"end":{"line":24,"column":54}},"3":{"start":{"line":29,"column":21},"end":{"line":161,"column":1}},"4":{"start":{"line":166,"column":29},"end":{"line":198,"column":1}},"5":{"start":{"line":203,"column":38},"end":{"line":203,"column":97}}},"fnMap":{},"branchMap":{},"s":{"0":0,"1":0,"2":0,"3":0,"4":0,"5":0},"f":{},"b":{}}
,"C:\\Users\\MasterAdmin\\Documents\\GitHub\\ES-2024-EI-Grupo-G\\src\\index.js": {"path":"C:\\Users\\MasterAdmin\\Documents\\GitHub\\ES-2024-EI-Grupo-G\\src\\index.js","statementMap":{"0":{"start":{"line":34,"column":13},"end":{"line":34,"column":65}},"1":{"start":{"line":35,"column":0},"end":{"line":39,"column":1}},"2":{"start":{"line":44,"column":0},"end":{"line":44,"column":17}}},"fnMap":{},"branchMap":{},"s":{"0":0,"1":0,"2":0},"f":{},"b":{}}
,"C:\\Users\\MasterAdmin\\Documents\\GitHub\\ES-2024-EI-Grupo-G\\src\\reportWebVitals.js": {"path":"C:\\Users\\MasterAdmin\\Documents\\GitHub\\ES-2024-EI-Grupo-G\\src\\reportWebVitals.js","statementMap":{"0":{"start":{"line":19,"column":24},"end":{"line":29,"column":1}},"1":{"start":{"line":20,"column":4},"end":{"line":28,"column":5}},"2":{"start":{"line":21,"column":8},"end":{"line":27,"column":10}},"3":{"start":{"line":22,"column":12},"end":{"line":22,"column":31}},"4":{"start":{"line":23,"column":12},"end":{"line":23,"column":31}},"5":{"start":{"line":24,"column":12},"end":{"line":24,"column":31}},"6":{"start":{"line":25,"column":12},"end":{"line":25,"column":31}},"7":{"start":{"line":26,"column":12},"end":{"line":26,"column":32}}},"fnMap":{"0":{"name":"(anonymous_0)","decl":{"start":{"line":19,"column":24},"end":{"line":19,"column":25}},"loc":{"start":{"line":19,"column":41},"end":{"line":29,"column":1}},"line":19},"1":{"name":"(anonymous_1)","decl":{"start":{"line":21,"column":34},"end":{"line":21,"column":35}},"loc":{"start":{"line":21,"column":83},"end":{"line":27,"column":9}},"line":21}},"branchMap":{"0":{"loc":{"start":{"line":20,"column":4},"end":{"line":28,"column":5}},"type":"if","locations":[{"start":{"line":20,"column":4},"end":{"line":28,"column":5}},{"start":{},"end":{}}],"line":20},"1":{"loc":{"start":{"line":20,"column":8},"end":{"line":20,"column":54}},"type":"binary-expr","locations":[{"start":{"line":20,"column":8},"end":{"line":20,"column":19}},{"start":{"line":20,"column":23},"end":{"line":20,"column":54}}],"line":20}},"s":{"0":0,"1":0,"2":0,"3":0,"4":0,"5":0,"6":0,"7":0},"f":{"0":0,"1":0},"b":{"0":[0,0],"1":[0,0]}}
,"C:\\Users\\MasterAdmin\\Documents\\GitHub\\ES-2024-EI-Grupo-G\\src\\setupTests.js": {"path":"C:\\Users\\MasterAdmin\\Documents\\GitHub\\ES-2024-EI-Grupo-G\\src\\setupTests.js","statementMap":{},"fnMap":{},"branchMap":{},"s":{},"f":{},"b":{}}
,"C:\\Users\\MasterAdmin\\Documents\\GitHub\\ES-2024-EI-Grupo-G\\src\\utils.js": {"path":"C:\\Users\\MasterAdmin\\Documents\\GitHub\\ES-2024-EI-Grupo-G\\src\\utils.js","statementMap":{"0":{"start":{"line":17,"column":4},"end":{"line":21,"column":6}},"1":{"start":{"line":18,"column":21},"end":{"line":18,"column":53}},"2":{"start":{"line":19,"column":27},"end":{"line":19,"column":43}},"3":{"start":{"line":20,"column":8},"end":{"line":20,"column":81}},"4":{"start":{"line":33,"column":29},"end":{"line":33,"column":30}},"5":{"start":{"line":34,"column":21},"end":{"line":34,"column":22}},"6":{"start":{"line":36,"column":4},"end":{"line":47,"column":10}},"7":{"start":{"line":37,"column":24},"end":{"line":37,"column":70}},"8":{"start":{"line":39,"column":12},"end":{"line":41,"column":13}},"9":{"start":{"line":40,"column":16},"end":{"line":40,"column":51}},"10":{"start":{"line":42,"column":12},"end":{"line":45,"column":13}},"11":{"start":{"line":43,"column":16},"end":{"line":43,"column":51}},"12":{"start":{"line":44,"column":16},"end":{"line":44,"column":36}},"13":{"start":{"line":46,"column":12},"end":{"line":46,"column":104}},"14":{"start":{"line":59,"column":4},"end":{"line":66,"column":5}},"15":{"start":{"line":61,"column":22},"end":{"line":61,"column":43}},"16":{"start":{"line":62,"column":20},"end":{"line":62,"column":42}},"17":{"start":{"line":63,"column":22},"end":{"line":63,"column":44}},"18":{"start":{"line":64,"column":21},"end":{"line":64,"column":43}},"19":{"start":{"line":65,"column":8},"end":{"line":65,"column":45}},"20":{"start":{"line":78,"column":4},"end":{"line":86,"column":5}},"21":{"start":{"line":79,"column":22},"end":{"line":79,"column":43}},"22":{"start":{"line":80,"column":21},"end":{"line":80,"column":43}},"23":{"start":{"line":81,"column":23},"end":{"line":81,"column":45}},"24":{"start":{"line":82,"column":23},"end":{"line":82,"column":60}},"25":{"start":{"line":83,"column":21},"end":{"line":83,"column":31}},"26":{"start":{"line":84,"column":8},"end":{"line":84,"column":43}},"27":{"start":{"line":85,"column":8},"end":{"line":85,"column":29}},"28":{"start":{"line":87,"column":4},"end":{"line":87,"column":15}},"29":{"start":{"line":101,"column":4},"end":{"line":101,"column":20}},"30":{"start":{"line":101,"column":12},"end":{"line":101,"column":20}},"31":{"start":{"line":102,"column":4},"end":{"line":102,"column":21}},"32":{"start":{"line":102,"column":12},"end":{"line":102,"column":21}},"33":{"start":{"line":103,"column":18},"end":{"line":103,"column":30}},"34":{"start":{"line":104,"column":18},"end":{"line":104,"column":30}},"35":{"start":{"line":105,"column":4},"end":{"line":105,"column":44}},"36":{"start":{"line":118,"column":21},"end":{"line":118,"column":70}},"37":{"start":{"line":119,"column":4},"end":{"line":119,"column":52}},"38":{"start":{"line":134,"column":21},"end":{"line":142,"column":5}},"39":{"start":{"line":136,"column":12},"end":{"line":141,"column":13}},"40":{"start":{"line":143,"column":4},"end":{"line":143,"column":30}},"41":{"start":{"line":147,"column":4},"end":{"line":158,"column":5}},"42":{"start":{"line":148,"column":27},"end":{"line":148,"column":52}},"43":{"start":{"line":149,"column":27},"end":{"line":149,"column":42}},"44":{"start":{"line":150,"column":33},"end":{"line":156,"column":9}},"45":{"start":{"line":157,"column":8},"end":{"line":157,"column":50}},"46":{"start":{"line":159,"column":4},"end":{"line":159,"column":13}}},"fnMap":{"0":{"name":"addWeekNumber","decl":{"start":{"line":16,"column":16},"end":{"line":16,"column":29}},"loc":{"start":{"line":16,"column":43},"end":{"line":22,"column":1}},"line":16},"1":{"name":"(anonymous_1)","decl":{"start":{"line":17,"column":27},"end":{"line":17,"column":28}},"loc":{"start":{"line":17,"column":38},"end":{"line":21,"column":5}},"line":17},"2":{"name":"addSemesterWeekNumber","decl":{"start":{"line":32,"column":16},"end":{"line":32,"column":37}},"loc":{"start":{"line":32,"column":51},"end":{"line":48,"column":1}},"line":32},"3":{"name":"(anonymous_3)","decl":{"start":{"line":37,"column":14},"end":{"line":37,"column":15}},"loc":{"start":{"line":37,"column":24},"end":{"line":37,"column":70}},"line":37},"4":{"name":"(anonymous_4)","decl":{"start":{"line":38,"column":13},"end":{"line":38,"column":14}},"loc":{"start":{"line":38,"column":24},"end":{"line":47,"column":9}},"line":38},"5":{"name":"parseDate","decl":{"start":{"line":58,"column":16},"end":{"line":58,"column":25}},"loc":{"start":{"line":58,"column":38},"end":{"line":67,"column":1}},"line":58},"6":{"name":"parseHour","decl":{"start":{"line":77,"column":16},"end":{"line":77,"column":25}},"loc":{"start":{"line":77,"column":38},"end":{"line":88,"column":1}},"line":77},"7":{"name":"sortDate","decl":{"start":{"line":99,"column":16},"end":{"line":99,"column":24}},"loc":{"start":{"line":99,"column":31},"end":{"line":106,"column":1}},"line":99},"8":{"name":"sortWeekDays","decl":{"start":{"line":117,"column":16},"end":{"line":117,"column":28}},"loc":{"start":{"line":117,"column":35},"end":{"line":120,"column":1}},"line":117},"9":{"name":"validateRoomAvailability","decl":{"start":{"line":133,"column":16},"end":{"line":133,"column":40}},"loc":{"start":{"line":133,"column":68},"end":{"line":144,"column":1}},"line":133},"10":{"name":"(anonymous_10)","decl":{"start":{"line":135,"column":8},"end":{"line":135,"column":9}},"loc":{"start":{"line":136,"column":12},"end":{"line":141,"column":13}},"line":136},"11":{"name":"getFormattedDateTime","decl":{"start":{"line":146,"column":16},"end":{"line":146,"column":36}},"loc":{"start":{"line":146,"column":60},"end":{"line":160,"column":1}},"line":146}},"branchMap":{"0":{"loc":{"start":{"line":20,"column":44},"end":{"line":20,"column":79}},"type":"cond-expr","locations":[{"start":{"line":20,"column":64},"end":{"line":20,"column":66}},{"start":{"line":20,"column":69},"end":{"line":20,"column":79}}],"line":20},"1":{"loc":{"start":{"line":39,"column":12},"end":{"line":41,"column":13}},"type":"if","locations":[{"start":{"line":39,"column":12},"end":{"line":41,"column":13}},{"start":{},"end":{}}],"line":39},"2":{"loc":{"start":{"line":42,"column":12},"end":{"line":45,"column":13}},"type":"if","locations":[{"start":{"line":42,"column":12},"end":{"line":45,"column":13}},{"start":{},"end":{}}],"line":42},"3":{"loc":{"start":{"line":46,"column":53},"end":{"line":46,"column":102}},"type":"cond-expr","locations":[{"start":{"line":46,"column":79},"end":{"line":46,"column":81}},{"start":{"line":46,"column":84},"end":{"line":46,"column":102}}],"line":46},"4":{"loc":{"start":{"line":59,"column":4},"end":{"line":66,"column":5}},"type":"if","locations":[{"start":{"line":59,"column":4},"end":{"line":66,"column":5}},{"start":{},"end":{}}],"line":59},"5":{"loc":{"start":{"line":78,"column":4},"end":{"line":86,"column":5}},"type":"if","locations":[{"start":{"line":78,"column":4},"end":{"line":86,"column":5}},{"start":{},"end":{}}],"line":78},"6":{"loc":{"start":{"line":82,"column":23},"end":{"line":82,"column":60}},"type":"cond-expr","locations":[{"start":{"line":82,"column":34},"end":{"line":82,"column":56}},{"start":{"line":82,"column":59},"end":{"line":82,"column":60}}],"line":82},"7":{"loc":{"start":{"line":101,"column":4},"end":{"line":101,"column":20}},"type":"if","locations":[{"start":{"line":101,"column":4},"end":{"line":101,"column":20}},{"start":{},"end":{}}],"line":101},"8":{"loc":{"start":{"line":102,"column":4},"end":{"line":102,"column":21}},"type":"if","locations":[{"start":{"line":102,"column":4},"end":{"line":102,"column":21}},{"start":{},"end":{}}],"line":102},"9":{"loc":{"start":{"line":136,"column":12},"end":{"line":141,"column":13}},"type":"binary-expr","locations":[{"start":{"line":136,"column":12},"end":{"line":136,"column":53}},{"start":{"line":137,"column":12},"end":{"line":137,"column":55}},{"start":{"line":138,"column":12},"end":{"line":141,"column":13}}],"line":136},"10":{"loc":{"start":{"line":139,"column":16},"end":{"line":140,"column":73}},"type":"binary-expr","locations":[{"start":{"line":139,"column":16},"end":{"line":139,"column":76}},{"start":{"line":140,"column":16},"end":{"line":140,"column":73}}],"line":139},"11":{"loc":{"start":{"line":147,"column":4},"end":{"line":158,"column":5}},"type":"if","locations":[{"start":{"line":147,"column":4},"end":{"line":158,"column":5}},{"start":{},"end":{}}],"line":147},"12":{"loc":{"start":{"line":147,"column":8},"end":{"line":147,"column":20}},"type":"binary-expr","locations":[{"start":{"line":147,"column":8},"end":{"line":147,"column":12}},{"start":{"line":147,"column":16},"end":{"line":147,"column":20}}],"line":147}},"s":{"0":2,"1":5,"2":5,"3":5,"4":2,"5":2,"6":2,"7":5,"8":6,"9":1,"10":6,"11":3,"12":3,"13":6,"14":46,"15":46,"16":46,"17":46,"18":46,"19":46,"20":2,"21":1,"22":1,"23":1,"24":1,"25":1,"26":1,"27":1,"28":1,"29":22,"30":2,"31":20,"32":1,"33":19,"34":19,"35":19,"36":34,"37":34,"38":1,"39":3,"40":1,"41":0,"42":0,"43":0,"44":0,"45":0,"46":0},"f":{"0":2,"1":5,"2":2,"3":5,"4":6,"5":46,"6":2,"7":22,"8":34,"9":1,"10":3,"11":0},"b":{"0":[1,4],"1":[1,5],"2":[3,3],"3":[1,5],"4":[46,0],"5":[1,1],"6":[1,0],"7":[2,20],"8":[1,19],"9":[3,2,0],"10":[0,0],"11":[0,0],"12":[0,0]},"_coverageSchema":"1a1c01bbd47fc00a2c39e90264f33305004495a9","hash":"cac3562965bfbe5c6c7011090688b3283fb22fbc"}
,"C:\\Users\\MasterAdmin\\Documents\\GitHub\\ES-2024-EI-Grupo-G\\src\\atoms\\modalReplaceCourse.js": {"path":"C:\\Users\\MasterAdmin\\Documents\\GitHub\\ES-2024-EI-Grupo-G\\src\\atoms\\modalReplaceCourse.js","statementMap":{"0":{"start":{"line":5,"column":38},"end":{"line":5,"column":48}}},"fnMap":{},"branchMap":{},"s":{"0":0},"f":{},"b":{}}
,"C:\\Users\\MasterAdmin\\Documents\\GitHub\\ES-2024-EI-Grupo-G\\src\\atoms\\rooms.js": {"path":"C:\\Users\\MasterAdmin\\Documents\\GitHub\\ES-2024-EI-Grupo-G\\src\\atoms\\rooms.js","statementMap":{"0":{"start":{"line":3,"column":25},"end":{"line":3,"column":33}}},"fnMap":{},"branchMap":{},"s":{"0":2},"f":{},"b":{},"_coverageSchema":"1a1c01bbd47fc00a2c39e90264f33305004495a9","hash":"957a072b987fbd9657e60d5a7d85ec34f88f4b06"}
,"C:\\Users\\MasterAdmin\\Documents\\GitHub\\ES-2024-EI-Grupo-G\\src\\atoms\\schedule.js": {"path":"C:\\Users\\MasterAdmin\\Documents\\GitHub\\ES-2024-EI-Grupo-G\\src\\atoms\\schedule.js","statementMap":{"0":{"start":{"line":3,"column":28},"end":{"line":3,"column":36}}},"fnMap":{},"branchMap":{},"s":{"0":2},"f":{},"b":{},"_coverageSchema":"1a1c01bbd47fc00a2c39e90264f33305004495a9","hash":"cfa997c44194de57e006488f37a547b3980cfaad"}
}
