TN:
SF:src\App.js
FN:35,App
FNF:1
FNH:0
FNDA:0,App
DA:40,0
DA:41,0
DA:43,0
LF:3
LH:0
BRF:0
BRH:0
end_of_record
TN:
SF:src\CsvReader.js
FN:21,CsvReader
FN:29,(anonymous_1)
FNF:2
FNH:1
FNDA:4,CsvReader
FNDA:0,(anonymous_1)
DA:29,4
DA:30,0
DA:33,4
LF:3
LH:2
BRF:0
BRH:0
end_of_record
TN:
SF:src\MultipleSelectCheckmarks.js
FN:60,MultipleSelectCheckmarks
FN:63,(anonymous_1)
FN:69,(anonymous_2)
FN:86,(anonymous_3)
FN:89,(anonymous_4)
FNF:5
FNH:5
FNDA:15,MultipleSelectCheckmarks
FNDA:13,(anonymous_1)
FNDA:169,(anonymous_2)
FNDA:17,(anonymous_3)
FNDA:195,(anonymous_4)
DA:22,1
DA:24,1
DA:26,1
DA:36,1
DA:61,15
DA:63,15
DA:66,13
DA:67,13
DA:69,13
DA:70,169
DA:72,13
DA:75,15
DA:86,17
DA:90,195
LF:14
LH:14
BRDA:67,0,0,0
BRDA:67,0,1,13
BRF:2
BRH:1
end_of_record
TN:
SF:src\RemoteFile.js
FN:22,RemoteFile
FN:33,(anonymous_1)
FN:41,(anonymous_2)
FNF:3
FNH:3
FNDA:11,RemoteFile
FNDA:5,(anonymous_1)
FNDA:3,(anonymous_2)
DA:27,11
DA:33,11
DA:34,5
DA:41,11
DA:42,3
DA:43,3
DA:44,3
DA:45,2
DA:47,1
DA:48,1
DA:49,0
DA:51,3
DA:55,11
LF:13
LH:12
BRDA:44,0,0,2
BRDA:44,0,1,1
BRF:2
BRH:2
end_of_record
TN:
SF:src\RoomsTable.js
FN:54,RoomsTable
FNF:1
FNH:0
FNDA:0,RoomsTable
DA:13,0
DA:55,0
LF:2
LH:0
BRF:0
BRH:0
end_of_record
TN:
SF:src\ScheduleTable.js
FN:67,(anonymous_0)
FN:166,ScheduleTable
FN:175,(anonymous_2)
FN:191,(anonymous_3)
FN:198,(anonymous_4)
FNF:5
FNH:0
FNDA:0,(anonymous_0)
FNDA:0,ScheduleTable
FNDA:0,(anonymous_2)
FNDA:0,(anonymous_3)
FNDA:0,(anonymous_4)
DA:17,0
DA:68,0
DA:167,0
DA:168,0
DA:169,0
DA:171,0
DA:175,0
DA:191,0
DA:198,0
LF:9
LH:0
BRF:0
BRH:0
end_of_record
TN:
SF:src\index.js
FNF:0
FNH:0
DA:34,0
DA:35,0
DA:44,0
LF:3
LH:0
BRF:0
BRH:0
end_of_record
TN:
SF:src\reportWebVitals.js
FN:19,(anonymous_0)
FN:21,(anonymous_1)
FNF:2
FNH:0
FNDA:0,(anonymous_0)
FNDA:0,(anonymous_1)
DA:19,0
DA:20,0
DA:21,0
DA:22,0
DA:23,0
DA:24,0
DA:25,0
DA:26,0
LF:8
LH:0
BRDA:20,0,0,0
BRDA:20,0,1,0
BRDA:20,1,0,0
BRDA:20,1,1,0
BRF:4
BRH:0
end_of_record
TN:
SF:src\setupTests.js
FNF:0
FNH:0
LF:0
LH:0
BRF:0
BRH:0
end_of_record
TN:
SF:src\utils.js
FN:16,addWeekNumber
FN:17,(anonymous_1)
FN:32,addSemesterWeekNumber
FN:37,(anonymous_3)
FN:38,(anonymous_4)
FN:58,parseDate
FN:78,sortDate
FN:96,sortWeekDays
FNF:8
FNH:0
FNDA:0,addWeekNumber
FNDA:0,(anonymous_1)
FNDA:0,addSemesterWeekNumber
FNDA:0,(anonymous_3)
FNDA:0,(anonymous_4)
FNDA:0,parseDate
FNDA:0,sortDate
FNDA:0,sortWeekDays
DA:17,0
DA:18,0
DA:19,0
DA:20,0
DA:33,0
DA:34,0
DA:36,0
DA:37,0
DA:39,0
DA:40,0
DA:42,0
DA:43,0
DA:44,0
DA:46,0
DA:59,0
DA:61,0
DA:62,0
DA:63,0
DA:64,0
DA:65,0
DA:80,0
DA:81,0
DA:82,0
DA:83,0
DA:84,0
DA:97,0
DA:98,0
LF:27
LH:0
BRDA:20,0,0,0
BRDA:20,0,1,0
BRDA:39,1,0,0
BRDA:39,1,1,0
BRDA:42,2,0,0
BRDA:42,2,1,0
BRDA:46,3,0,0
BRDA:46,3,1,0
BRDA:59,4,0,0
BRDA:59,4,1,0
BRDA:80,5,0,0
BRDA:80,5,1,0
BRDA:81,6,0,0
BRDA:81,6,1,0
BRF:14
BRH:0
end_of_record
