TN:
SF:src\App.js
FN:36,App
FNF:1
FNH:0
FNDA:0,App
DA:37,0
LF:1
LH:0
BRF:0
BRH:0
end_of_record
TN:
SF:src\CsvReader.js
FN:24,CsvReader
FN:33,(anonymous_1)
FNF:2
FNH:1
FNDA:5,CsvReader
FNDA:0,(anonymous_1)
DA:25,5
DA:33,5
DA:34,0
DA:37,5
LF:4
LH:3
BRDA:25,0,0,0
BRDA:25,0,1,5
BRF:2
BRH:1
end_of_record
TN:
SF:src\MultipleSelectCheckmarks.js
FN:60,MultipleSelectCheckmarks
FN:63,(anonymous_1)
FN:67,(anonymous_2)
FN:93,(anonymous_3)
FN:96,(anonymous_4)
FNF:5
FNH:3
FNDA:1,MultipleSelectCheckmarks
FNDA:0,(anonymous_1)
FNDA:0,(anonymous_2)
FNDA:2,(anonymous_3)
FNDA:13,(anonymous_4)
DA:22,1
DA:24,1
DA:26,1
DA:36,1
DA:61,1
DA:63,1
DA:66,0
DA:67,0
DA:68,0
DA:76,0
DA:79,0
DA:82,1
DA:93,2
DA:97,13
LF:14
LH:9
BRDA:68,0,0,0
BRDA:68,0,1,0
BRDA:71,1,0,0
BRDA:71,1,1,0
BRDA:71,1,2,0
BRDA:71,1,3,0
BRF:6
BRH:0
end_of_record
TN:
SF:src\RemoteFile.js
FN:25,RemoteFile
FN:37,(anonymous_1)
FN:45,(anonymous_2)
FNF:3
FNH:3
FNDA:11,RemoteFile
FNDA:5,(anonymous_1)
FNDA:3,(anonymous_2)
DA:26,11
DA:31,11
DA:37,11
DA:38,5
DA:45,11
DA:46,3
DA:47,3
DA:48,3
DA:49,2
DA:51,1
DA:52,1
DA:53,0
DA:55,3
DA:59,11
LF:14
LH:13
BRDA:26,0,0,0
BRDA:26,0,1,11
BRDA:48,1,0,2
BRDA:48,1,1,1
BRF:4
BRH:3
end_of_record
TN:
SF:src\ReplaceCourse.js
FN:185,(anonymous_0)
FN:197,(anonymous_1)
FN:206,(anonymous_2)
FN:214,(anonymous_3)
FN:225,(anonymous_4)
FN:247,(anonymous_5)
FN:251,(anonymous_6)
FN:265,(anonymous_7)
FN:269,(anonymous_8)
FN:283,(anonymous_9)
FN:287,(anonymous_10)
FN:301,(anonymous_11)
FN:305,(anonymous_12)
FN:319,(anonymous_13)
FN:323,(anonymous_14)
FN:326,(anonymous_15)
FN:346,(anonymous_16)
FN:350,(anonymous_17)
FN:353,(anonymous_18)
FN:368,(anonymous_19)
FN:372,(anonymous_20)
FN:375,(anonymous_21)
FN:393,(anonymous_22)
FN:420,(anonymous_23)
FN:433,(anonymous_24)
FN:444,(anonymous_25)
FNF:26
FNH:0
FNDA:0,(anonymous_0)
FNDA:0,(anonymous_1)
FNDA:0,(anonymous_2)
FNDA:0,(anonymous_3)
FNDA:0,(anonymous_4)
FNDA:0,(anonymous_5)
FNDA:0,(anonymous_6)
FNDA:0,(anonymous_7)
FNDA:0,(anonymous_8)
FNDA:0,(anonymous_9)
FNDA:0,(anonymous_10)
FNDA:0,(anonymous_11)
FNDA:0,(anonymous_12)
FNDA:0,(anonymous_13)
FNDA:0,(anonymous_14)
FNDA:0,(anonymous_15)
FNDA:0,(anonymous_16)
FNDA:0,(anonymous_17)
FNDA:0,(anonymous_18)
FNDA:0,(anonymous_19)
FNDA:0,(anonymous_20)
FNDA:0,(anonymous_21)
FNDA:0,(anonymous_22)
FNDA:0,(anonymous_23)
FNDA:0,(anonymous_24)
FNDA:0,(anonymous_25)
DA:154,0
DA:166,0
DA:168,0
DA:170,0
DA:185,0
DA:186,0
DA:187,0
DA:188,0
DA:189,0
DA:190,0
DA:191,0
DA:192,0
DA:197,0
DA:198,0
DA:199,0
DA:205,0
DA:206,0
DA:214,0
DA:215,0
DA:216,0
DA:217,0
DA:218,0
DA:221,0
DA:227,0
DA:228,0
DA:248,0
DA:252,0
DA:266,0
DA:270,0
DA:284,0
DA:288,0
DA:302,0
DA:306,0
DA:320,0
DA:323,0
DA:327,0
DA:347,0
DA:350,0
DA:354,0
DA:369,0
DA:372,0
DA:376,0
DA:394,0
DA:421,0
DA:433,0
DA:445,0
DA:446,0
LF:47
LH:0
BRDA:198,0,0,0
BRDA:198,0,1,0
BRDA:198,1,0,0
BRDA:198,1,1,0
BRDA:205,2,0,0
BRDA:205,2,1,0
BRDA:205,3,0,0
BRDA:205,3,1,0
BRDA:227,4,0,0
BRDA:227,4,1,0
BRDA:227,5,0,0
BRDA:227,5,1,0
BRDA:227,5,2,0
BRDA:245,6,0,0
BRDA:245,6,1,0
BRDA:263,7,0,0
BRDA:263,7,1,0
BRDA:281,8,0,0
BRDA:281,8,1,0
BRDA:299,9,0,0
BRDA:299,9,1,0
BRDA:318,10,0,0
BRDA:318,10,1,0
BRDA:345,11,0,0
BRDA:345,11,1,0
BRDA:367,12,0,0
BRDA:367,12,1,0
BRDA:409,13,0,0
BRDA:409,13,1,0
BRDA:418,14,0,0
BRDA:418,14,1,0
BRDA:432,15,0,0
BRDA:432,15,1,0
BRDA:440,16,0,0
BRDA:440,16,1,0
BRDA:452,17,0,0
BRDA:452,17,1,0
BRF:37
BRH:0
end_of_record
TN:
SF:src\RoomsTable.js
FN:151,RoomsTable
FN:166,(anonymous_1)
FN:170,(anonymous_2)
FN:189,(anonymous_3)
FN:204,(anonymous_4)
FN:214,(anonymous_5)
FN:221,(anonymous_6)
FN:243,(anonymous_7)
FN:249,(anonymous_8)
FN:257,(anonymous_9)
FN:269,(anonymous_10)
FN:271,(anonymous_11)
FN:279,(anonymous_12)
FN:292,(anonymous_13)
FN:294,(anonymous_14)
FN:334,(anonymous_15)
FN:346,(anonymous_16)
FN:348,(anonymous_17)
FN:364,(anonymous_18)
FN:366,(anonymous_19)
FN:382,(anonymous_20)
FN:393,(anonymous_21)
FN:397,(anonymous_22)
FN:414,(anonymous_23)
FN:421,(anonymous_24)
FN:433,(anonymous_25)
FN:449,(anonymous_26)
FN:459,(anonymous_27)
FN:467,(anonymous_28)
FN:477,(anonymous_29)
FN:486,(anonymous_30)
FNF:31
FNH:0
FNDA:0,RoomsTable
FNDA:0,(anonymous_1)
FNDA:0,(anonymous_2)
FNDA:0,(anonymous_3)
FNDA:0,(anonymous_4)
FNDA:0,(anonymous_5)
FNDA:0,(anonymous_6)
FNDA:0,(anonymous_7)
FNDA:0,(anonymous_8)
FNDA:0,(anonymous_9)
FNDA:0,(anonymous_10)
FNDA:0,(anonymous_11)
FNDA:0,(anonymous_12)
FNDA:0,(anonymous_13)
FNDA:0,(anonymous_14)
FNDA:0,(anonymous_15)
FNDA:0,(anonymous_16)
FNDA:0,(anonymous_17)
FNDA:0,(anonymous_18)
FNDA:0,(anonymous_19)
FNDA:0,(anonymous_20)
FNDA:0,(anonymous_21)
FNDA:0,(anonymous_22)
FNDA:0,(anonymous_23)
FNDA:0,(anonymous_24)
FNDA:0,(anonymous_25)
FNDA:0,(anonymous_26)
FNDA:0,(anonymous_27)
FNDA:0,(anonymous_28)
FNDA:0,(anonymous_29)
FNDA:0,(anonymous_30)
DA:54,0
DA:132,0
DA:152,0
DA:153,0
DA:154,0
DA:155,0
DA:156,0
DA:157,0
DA:158,0
DA:159,0
DA:160,0
DA:161,0
DA:162,0
DA:163,0
DA:164,0
DA:166,0
DA:167,0
DA:170,0
DA:179,0
DA:183,0
DA:184,0
DA:185,0
DA:186,0
DA:189,0
DA:190,0
DA:191,0
DA:192,0
DA:194,0
DA:196,0
DA:197,0
DA:198,0
DA:204,0
DA:205,0
DA:206,0
DA:207,0
DA:208,0
DA:209,0
DA:210,0
DA:211,0
DA:214,0
DA:215,0
DA:216,0
DA:218,0
DA:219,0
DA:220,0
DA:221,0
DA:223,0
DA:226,0
DA:227,0
DA:228,0
DA:230,0
DA:232,0
DA:233,0
DA:234,0
DA:239,0
DA:243,0
DA:244,0
DA:245,0
DA:249,0
DA:250,0
DA:251,0
DA:252,0
DA:254,0
DA:256,0
DA:257,0
DA:258,0
DA:259,0
DA:260,0
DA:262,0
DA:269,0
DA:271,0
DA:277,0
DA:278,0
DA:279,0
DA:280,0
DA:281,0
DA:282,0
DA:284,0
DA:292,0
DA:294,0
DA:300,0
DA:327,0
DA:334,0
DA:346,0
DA:349,0
DA:364,0
DA:367,0
DA:383,0
DA:394,0
DA:398,0
DA:415,0
DA:416,0
DA:421,0
DA:427,0
DA:433,0
DA:449,0
DA:459,0
DA:467,0
DA:477,0
DA:486,0
LF:100
LH:0
BRDA:179,0,0,0
BRDA:179,0,1,0
BRDA:190,1,0,0
BRDA:190,1,1,0
BRDA:192,2,0,0
BRDA:192,2,1,0
BRDA:192,3,0,0
BRDA:192,3,1,0
BRDA:198,4,0,0
BRDA:198,4,1,0
BRDA:215,5,0,0
BRDA:215,5,1,0
BRDA:223,6,0,0
BRDA:223,6,1,0
BRDA:226,7,0,0
BRDA:226,7,1,0
BRDA:228,8,0,0
BRDA:228,8,1,0
BRDA:228,9,0,0
BRDA:228,9,1,0
BRDA:234,10,0,0
BRDA:234,10,1,0
BRDA:244,11,0,0
BRDA:244,11,1,0
BRDA:250,12,0,0
BRDA:250,12,1,0
BRDA:250,13,0,0
BRDA:250,13,1,0
BRDA:250,13,2,0
BRDA:251,14,0,0
BRDA:251,14,1,0
BRDA:252,15,0,0
BRDA:252,15,1,0
BRDA:256,16,0,0
BRDA:256,16,1,0
BRDA:263,17,0,0
BRDA:263,17,1,0
BRDA:263,17,2,0
BRDA:278,18,0,0
BRDA:278,18,1,0
BRDA:285,19,0,0
BRDA:285,19,1,0
BRDA:285,19,2,0
BRDA:285,19,3,0
BRDA:285,19,4,0
BRDA:334,20,0,0
BRDA:334,20,1,0
BRDA:375,21,0,0
BRDA:375,21,1,0
BRDA:412,22,0,0
BRDA:412,22,1,0
BRDA:412,22,2,0
BRDA:415,23,0,0
BRDA:415,23,1,0
BRDA:429,24,0,0
BRDA:429,24,1,0
BRDA:449,25,0,0
BRDA:449,25,1,0
BRF:58
BRH:0
end_of_record
TN:
SF:src\ScheduleTable.js
FN:63,(anonymous_0)
FN:134,(anonymous_1)
FN:189,(anonymous_2)
FN:196,(anonymous_3)
FN:215,(anonymous_4)
FN:222,(anonymous_5)
FN:259,ScheduleTable
FN:271,(anonymous_7)
FN:283,(anonymous_8)
FN:295,(anonymous_9)
FN:302,(anonymous_10)
FNF:11
FNH:0
FNDA:0,(anonymous_0)
FNDA:0,(anonymous_1)
FNDA:0,(anonymous_2)
FNDA:0,(anonymous_3)
FNDA:0,(anonymous_4)
FNDA:0,(anonymous_5)
FNDA:0,ScheduleTable
FNDA:0,(anonymous_7)
FNDA:0,(anonymous_8)
FNDA:0,(anonymous_9)
FNDA:0,(anonymous_10)
DA:60,0
DA:64,0
DA:135,0
DA:190,0
DA:191,0
DA:193,0
DA:197,0
DA:198,0
DA:200,0
DA:216,0
DA:217,0
DA:219,0
DA:223,0
DA:224,0
DA:226,0
DA:260,0
DA:261,0
DA:262,0
DA:263,0
DA:264,0
DA:266,0
DA:271,0
DA:284,0
DA:285,0
DA:286,0
DA:295,0
DA:302,0
LF:27
LH:0
BRDA:190,0,0,0
BRDA:190,0,1,0
BRDA:190,1,0,0
BRDA:190,1,1,0
BRDA:190,1,2,0
BRDA:197,2,0,0
BRDA:197,2,1,0
BRDA:197,3,0,0
BRDA:197,3,1,0
BRDA:197,3,2,0
BRDA:216,4,0,0
BRDA:216,4,1,0
BRDA:216,5,0,0
BRDA:216,5,1,0
BRDA:216,5,2,0
BRDA:223,6,0,0
BRDA:223,6,1,0
BRDA:223,7,0,0
BRDA:223,7,1,0
BRDA:223,7,2,0
BRDA:285,8,0,0
BRDA:285,8,1,0
BRF:22
BRH:0
end_of_record
TN:
SF:src\ScheduleTableFilter.js
FN:34,MultipleSelectCheckmarks
FN:42,(anonymous_1)
FN:61,(anonymous_2)
FN:76,(anonymous_3)
FN:86,(anonymous_4)
FN:93,(anonymous_5)
FN:112,(anonymous_6)
FN:125,(anonymous_7)
FN:137,(anonymous_8)
FN:139,(anonymous_9)
FN:155,(anonymous_10)
FN:157,(anonymous_11)
FN:172,(anonymous_12)
FN:185,(anonymous_13)
FN:192,(anonymous_14)
FN:204,(anonymous_15)
FNF:16
FNH:0
FNDA:0,MultipleSelectCheckmarks
FNDA:0,(anonymous_1)
FNDA:0,(anonymous_2)
FNDA:0,(anonymous_3)
FNDA:0,(anonymous_4)
FNDA:0,(anonymous_5)
FNDA:0,(anonymous_6)
FNDA:0,(anonymous_7)
FNDA:0,(anonymous_8)
FNDA:0,(anonymous_9)
FNDA:0,(anonymous_10)
FNDA:0,(anonymous_11)
FNDA:0,(anonymous_12)
FNDA:0,(anonymous_13)
FNDA:0,(anonymous_14)
FNDA:0,(anonymous_15)
DA:16,0
DA:18,0
DA:35,0
DA:36,0
DA:37,0
DA:38,0
DA:39,0
DA:40,0
DA:42,0
DA:43,0
DA:53,0
DA:54,0
DA:55,0
DA:56,0
DA:57,0
DA:58,0
DA:61,0
DA:62,0
DA:63,0
DA:64,0
DA:66,0
DA:68,0
DA:69,0
DA:70,0
DA:76,0
DA:77,0
DA:78,0
DA:79,0
DA:80,0
DA:81,0
DA:82,0
DA:83,0
DA:86,0
DA:87,0
DA:88,0
DA:90,0
DA:91,0
DA:92,0
DA:93,0
DA:94,0
DA:95,0
DA:96,0
DA:97,0
DA:99,0
DA:101,0
DA:102,0
DA:103,0
DA:108,0
DA:112,0
DA:113,0
DA:114,0
DA:118,0
DA:125,0
DA:137,0
DA:140,0
DA:155,0
DA:158,0
DA:173,0
DA:186,0
DA:187,0
DA:192,0
DA:198,0
DA:204,0
LF:63
LH:0
BRDA:62,0,0,0
BRDA:62,0,1,0
BRDA:64,1,0,0
BRDA:64,1,1,0
BRDA:64,2,0,0
BRDA:64,2,1,0
BRDA:70,3,0,0
BRDA:70,3,1,0
BRDA:87,4,0,0
BRDA:87,4,1,0
BRDA:95,5,0,0
BRDA:95,5,1,0
BRDA:97,6,0,0
BRDA:97,6,1,0
BRDA:97,7,0,0
BRDA:97,7,1,0
BRDA:103,8,0,0
BRDA:103,8,1,0
BRDA:113,9,0,0
BRDA:113,9,1,0
BRDA:125,10,0,0
BRDA:125,10,1,0
BRDA:183,11,0,0
BRDA:183,11,1,0
BRDA:183,11,2,0
BRDA:186,12,0,0
BRDA:186,12,1,0
BRDA:200,13,0,0
BRDA:200,13,1,0
BRF:29
BRH:0
end_of_record
TN:
SF:src\constants.js
FNF:0
FNH:0
DA:9,1
DA:42,1
DA:75,1
DA:80,1
DA:85,1
DA:222,1
DA:259,1
DA:264,1
DA:279,1
DA:295,1
LF:10
LH:10
BRF:0
BRH:0
end_of_record
TN:
SF:src\index.js
FNF:0
FNH:0
DA:34,0
DA:35,0
DA:44,0
LF:3
LH:0
BRF:0
BRH:0
end_of_record
TN:
SF:src\reportWebVitals.js
FN:19,(anonymous_0)
FN:21,(anonymous_1)
FNF:2
FNH:0
FNDA:0,(anonymous_0)
FNDA:0,(anonymous_1)
DA:19,0
DA:20,0
DA:21,0
DA:22,0
DA:23,0
DA:24,0
DA:25,0
DA:26,0
LF:8
LH:0
BRDA:20,0,0,0
BRDA:20,0,1,0
BRDA:20,1,0,0
BRDA:20,1,1,0
BRF:4
BRH:0
end_of_record
TN:
SF:src\setupTests.js
FNF:0
FNH:0
LF:0
LH:0
BRF:0
BRH:0
end_of_record
TN:
SF:src\utils.js
FN:17,addWeekNumber
FN:18,(anonymous_1)
FN:33,addSemesterWeekNumber
FN:38,(anonymous_3)
FN:39,(anonymous_4)
FN:59,parseDate
FN:78,parseHour
FN:100,sortDate
FN:118,sortWeekDays
FN:134,validateRoomAvailability
FN:136,(anonymous_10)
FN:155,getFormattedDateTime
FNF:12
FNH:11
FNDA:2,addWeekNumber
FNDA:5,(anonymous_1)
FNDA:2,addSemesterWeekNumber
FNDA:5,(anonymous_3)
FNDA:6,(anonymous_4)
FNDA:56,parseDate
FNDA:10,parseHour
FNDA:22,sortDate
FNDA:34,sortWeekDays
FNDA:1,validateRoomAvailability
FNDA:3,(anonymous_10)
FNDA:0,getFormattedDateTime
DA:18,2
DA:19,5
DA:20,5
DA:21,5
DA:34,2
DA:35,2
DA:37,2
DA:38,5
DA:40,6
DA:41,1
DA:43,6
DA:44,3
DA:45,3
DA:47,6
DA:60,56
DA:62,54
DA:63,54
DA:64,54
DA:65,54
DA:66,54
DA:79,10
DA:80,9
DA:81,9
DA:82,9
DA:83,9
DA:84,9
DA:85,9
DA:86,9
DA:88,1
DA:102,22
DA:103,20
DA:104,19
DA:105,19
DA:106,19
DA:119,34
DA:120,34
DA:135,1
DA:137,3
DA:144,1
DA:156,0
DA:157,0
DA:158,0
DA:159,0
DA:166,0
DA:168,0
LF:45
LH:39
BRDA:21,0,0,1
BRDA:21,0,1,4
BRDA:40,1,0,1
BRDA:40,1,1,5
BRDA:43,2,0,3
BRDA:43,2,1,3
BRDA:47,3,0,1
BRDA:47,3,1,5
BRDA:60,4,0,54
BRDA:60,4,1,2
BRDA:79,5,0,9
BRDA:79,5,1,1
BRDA:83,6,0,1
BRDA:83,6,1,8
BRDA:102,7,0,2
BRDA:102,7,1,20
BRDA:103,8,0,1
BRDA:103,8,1,19
BRDA:137,9,0,3
BRDA:137,9,1,2
BRDA:137,9,2,0
BRDA:140,10,0,0
BRDA:140,10,1,0
BRDA:156,11,0,0
BRDA:156,11,1,0
BRDA:156,12,0,0
BRDA:156,12,1,0
BRF:27
BRH:20
end_of_record
TN:
SF:src\atoms\modalReplaceCourse.js
FNF:0
FNH:0
DA:5,0
LF:1
LH:0
BRF:0
BRH:0
end_of_record
TN:
SF:src\atoms\rooms.js
FNF:0
FNH:0
DA:3,2
LF:1
LH:1
BRF:0
BRH:0
end_of_record
TN:
SF:src\atoms\schedule.js
FNF:0
FNH:0
DA:3,2
LF:1
LH:1
BRF:0
BRH:0
end_of_record
TN:
SF:src\lib\replaceCourse.js
FN:44,doesDayMatch
FN:60,isSameWeek
FN:80,isBetweenDates
FN:96,hasRoom
FN:107,hasFeature
FN:121,doesStartHourMatch
FN:134,doesEndHourMatch
FN:147,isBetweenHours
FN:173,isSameWeekDay
FN:189,isSameShift
FN:211,getFiltersIncludeToApply
FN:238,getFiltersExcludeToApply
FN:270,getAllSlots
FN:308,getEndDate
FN:331,getDatesExcludingSundays
FN:356,mkId
FN:367,mkSheduleMap
FN:369,(anonymous_17)
FN:385,removeSheduledSlots
FN:386,(anonymous_19)
FN:401,lookupSlots
FN:408,(anonymous_21)
FN:408,(anonymous_22)
FN:413,(anonymous_23)
FN:414,(anonymous_24)
FNF:25
FNH:17
FNDA:4,doesDayMatch
FNDA:4,isSameWeek
FNDA:0,isBetweenDates
FNDA:4,hasRoom
FNDA:4,hasFeature
FNDA:4,doesStartHourMatch
FNDA:4,doesEndHourMatch
FNDA:6,isBetweenHours
FNDA:4,isSameWeekDay
FNDA:6,isSameShift
FNDA:7,getFiltersIncludeToApply
FNDA:8,getFiltersExcludeToApply
FNDA:1,getAllSlots
FNDA:6,getEndDate
FNDA:6,getDatesExcludingSundays
FNDA:3,mkId
FNDA:2,mkSheduleMap
FNDA:2,(anonymous_17)
FNDA:0,removeSheduledSlots
FNDA:0,(anonymous_19)
FNDA:0,lookupSlots
FNDA:0,(anonymous_21)
FNDA:0,(anonymous_22)
FNDA:0,(anonymous_23)
FNDA:0,(anonymous_24)
DA:46,4
DA:47,2
DA:48,2
DA:49,2
DA:62,4
DA:63,2
DA:64,2
DA:65,2
DA:66,2
DA:67,2
DA:68,2
DA:69,2
DA:82,0
DA:83,0
DA:86,0
DA:97,4
DA:108,4
DA:122,4
DA:123,2
DA:135,4
DA:136,2
DA:148,6
DA:154,4
DA:155,2
DA:156,2
DA:157,2
DA:158,2
DA:159,2
DA:174,4
DA:175,2
DA:176,2
DA:177,2
DA:178,2
DA:190,6
DA:191,4
DA:192,2
DA:193,2
DA:194,1
DA:195,1
DA:196,1
DA:198,0
DA:212,7
DA:213,7
DA:214,1
DA:216,7
DA:217,1
DA:219,7
DA:220,1
DA:222,7
DA:223,1
DA:225,7
DA:226,1
DA:228,7
DA:239,8
DA:240,8
DA:241,1
DA:243,8
DA:244,1
DA:246,8
DA:247,1
DA:249,8
DA:250,1
DA:252,8
DA:253,1
DA:255,8
DA:256,1
DA:258,8
DA:271,1
DA:273,1
DA:278,1
DA:279,1
DA:280,0
DA:282,0
DA:283,0
DA:284,0
DA:285,0
DA:286,0
DA:287,0
DA:298,0
DA:309,6
DA:310,1
DA:311,5
DA:312,1
DA:313,1
DA:314,1
DA:315,4
DA:316,2
DA:319,2
DA:332,6
DA:333,6
DA:335,6
DA:336,19
DA:338,17
DA:340,19
DA:342,5
DA:344,5
DA:357,3
DA:368,2
DA:369,2
DA:370,2
DA:371,2
DA:373,2
DA:386,0
DA:387,0
DA:388,0
DA:403,0
DA:406,0
DA:407,0
DA:408,0
DA:412,0
DA:413,0
DA:414,0
DA:417,0
DA:419,0
DA:421,0
LF:115
LH:90
BRDA:46,0,0,2
BRDA:46,0,1,2
BRDA:46,1,0,4
BRDA:46,1,1,4
BRDA:46,1,2,3
BRDA:46,1,3,3
BRDA:62,2,0,2
BRDA:62,2,1,2
BRDA:62,3,0,4
BRDA:62,3,1,3
BRDA:82,4,0,0
BRDA:82,4,1,0
BRDA:82,5,0,0
BRDA:82,5,1,0
BRDA:82,5,2,0
BRDA:122,6,0,2
BRDA:122,6,1,2
BRDA:122,7,0,4
BRDA:122,7,1,3
BRDA:135,8,0,2
BRDA:135,8,1,2
BRDA:135,9,0,4
BRDA:135,9,1,3
BRDA:148,10,0,4
BRDA:148,10,1,2
BRDA:149,11,0,6
BRDA:149,11,1,5
BRDA:149,11,2,4
BRDA:149,11,3,3
BRDA:160,12,0,2
BRDA:160,12,1,2
BRDA:160,12,2,1
BRDA:160,12,3,0
BRDA:174,13,0,2
BRDA:174,13,1,2
BRDA:174,14,0,4
BRDA:174,14,1,3
BRDA:177,15,0,0
BRDA:177,15,1,2
BRDA:190,16,0,2
BRDA:190,16,1,4
BRDA:190,17,0,6
BRDA:190,17,1,5
BRDA:191,18,0,2
BRDA:191,18,1,2
BRDA:193,19,0,1
BRDA:193,19,1,1
BRDA:195,20,0,1
BRDA:195,20,1,0
BRDA:213,21,0,1
BRDA:213,21,1,6
BRDA:216,22,0,1
BRDA:216,22,1,6
BRDA:219,23,0,1
BRDA:219,23,1,6
BRDA:222,24,0,1
BRDA:222,24,1,6
BRDA:225,25,0,1
BRDA:225,25,1,6
BRDA:240,26,0,1
BRDA:240,26,1,7
BRDA:240,27,0,8
BRDA:240,27,1,2
BRDA:243,28,0,1
BRDA:243,28,1,7
BRDA:243,29,0,8
BRDA:243,29,1,2
BRDA:246,30,0,1
BRDA:246,30,1,7
BRDA:246,31,0,8
BRDA:246,31,1,2
BRDA:249,32,0,1
BRDA:249,32,1,7
BRDA:252,33,0,1
BRDA:252,33,1,7
BRDA:255,34,0,1
BRDA:255,34,1,7
BRDA:273,35,0,1
BRDA:273,35,1,0
BRDA:273,36,0,1
BRDA:273,36,1,0
BRDA:273,36,2,0
BRDA:280,37,0,0
BRDA:280,37,1,0
BRDA:286,38,0,0
BRDA:286,38,1,0
BRDA:309,39,0,1
BRDA:309,39,1,5
BRDA:311,40,0,1
BRDA:311,40,1,4
BRDA:315,41,0,2
BRDA:315,41,1,2
BRDA:336,42,0,17
BRDA:336,42,1,2
BRDA:388,43,0,0
BRDA:388,43,1,0
BRF:96
BRH:79
end_of_record
